<?xml version="1.0" encoding="UTF-8"?>
<testng-results ignored="0" total="1" passed="0" failed="0" skipped="1">
  <reporter-output>
  </reporter-output>
  <suite started-at="2023-05-22T11:56:33 IST" name="Default suite" finished-at="2023-05-22T11:58:50 IST" duration-ms="137071">
    <groups>
      <group name="cucumber">
        <method signature="AbstractTestNGCucumberTests.runScenario(cucumber.api.testng.PickleEventWrapper, cucumber.api.testng.CucumberFeatureWrapper)[pri:0, instance:com.opencart.testcases.TC001_ConfirmOrder@54c5a2ff]" name="runScenario" class="cucumber.api.testng.AbstractTestNGCucumberTests"/>
      </group> <!-- cucumber -->
    </groups>
    <test started-at="2023-05-22T11:56:33 IST" name="Default test" finished-at="2023-05-22T11:58:50 IST" duration-ms="137071">
      <class name="com.opencart.testcases.TC001_ConfirmOrder">
        <test-method is-config="true" signature="startReport()[pri:0, instance:com.opencart.testcases.TC001_ConfirmOrder@54c5a2ff]" started-at="2023-05-22T11:56:27 IST" name="startReport" finished-at="2023-05-22T11:56:33 IST" duration-ms="5846" status="PASS">
          <reporter-output>
          </reporter-output>
        </test-method> <!-- startReport -->
        <test-method is-config="true" signature="setValues()[pri:0, instance:com.opencart.testcases.TC001_ConfirmOrder@54c5a2ff]" started-at="2023-05-22T11:56:33 IST" name="setValues" finished-at="2023-05-22T11:56:33 IST" duration-ms="3" status="PASS">
          <reporter-output>
          </reporter-output>
        </test-method> <!-- setValues -->
        <test-method is-config="true" signature="setUpClass()[pri:0, instance:com.opencart.testcases.TC001_ConfirmOrder@54c5a2ff]" started-at="2023-05-22T11:56:33 IST" name="setUpClass" finished-at="2023-05-22T11:56:35 IST" duration-ms="1669" status="PASS">
          <reporter-output>
          </reporter-output>
        </test-method> <!-- setUpClass -->
        <test-method is-config="true" signature="startTestCase()[pri:0, instance:com.opencart.testcases.TC001_ConfirmOrder@54c5a2ff]" started-at="2023-05-22T11:56:35 IST" name="startTestCase" finished-at="2023-05-22T11:56:35 IST" duration-ms="56" status="PASS">
          <reporter-output>
          </reporter-output>
        </test-method> <!-- startTestCase -->
        <test-method is-config="true" signature="preCondition()[pri:0, instance:com.opencart.testcases.TC001_ConfirmOrder@54c5a2ff]" started-at="2023-05-22T11:56:45 IST" name="preCondition" finished-at="2023-05-22T11:58:48 IST" duration-ms="123037" status="FAIL">
          <exception class="java.lang.StackOverflowError">
            <full-stacktrace>
              <![CDATA[java.lang.StackOverflowError
at java.base/java.util.regex.Pattern$Branch.match(Pattern.java:4746)
at java.base/java.util.regex.Pattern$BranchConn.match(Pattern.java:4710)
at java.base/java.util.regex.Pattern$GroupTail.match(Pattern.java:4832)
at java.base/java.util.regex.Pattern$BmpCharPropertyGreedy.match(Pattern.java:4341)
at java.base/java.util.regex.Pattern$GroupHead.match(Pattern.java:4801)
at java.base/java.util.regex.Pattern$Branch.match(Pattern.java:4746)
at java.base/java.util.regex.Pattern$Branch.match(Pattern.java:4744)
at java.base/java.util.regex.Pattern$BmpCharProperty.match(Pattern.java:3967)
at java.base/java.util.regex.Pattern$Start.match(Pattern.java:3620)
at java.base/java.util.regex.Matcher.search(Matcher.java:1728)
at java.base/java.util.regex.Matcher.find(Matcher.java:772)
at java.base/java.util.Formatter.parse(Formatter.java:2718)
at java.base/java.util.Formatter.format(Formatter.java:2671)
at java.base/java.util.Formatter.format(Formatter.java:2625)
at java.base/java.lang.String.format(String.java:3290)
at org.openqa.selenium.SharedCapabilitiesMethods.lambda$abbreviate$6(SharedCapabilitiesMethods.java:107)
at java.base/java.util.stream.ReferencePipeline$3$1.accept(ReferencePipeline.java:197)
at java.base/java.util.stream.SortedOps$SizedRefSortingSink.end(SortedOps.java:357)
at java.base/java.util.stream.AbstractPipeline.copyInto(AbstractPipeline.java:485)
at java.base/java.util.stream.AbstractPipeline.wrapAndCopyInto(AbstractPipeline.java:474)
at java.base/java.util.stream.ReduceOps$ReduceOp.evaluateSequential(ReduceOps.java:913)
at java.base/java.util.stream.AbstractPipeline.evaluate(AbstractPipeline.java:234)
at java.base/java.util.stream.ReferencePipeline.collect(ReferencePipeline.java:682)
at org.openqa.selenium.SharedCapabilitiesMethods.abbreviate(SharedCapabilitiesMethods.java:108)
at org.openqa.selenium.SharedCapabilitiesMethods.lambda$abbreviate$6(SharedCapabilitiesMethods.java:107)
at java.base/java.util.stream.ReferencePipeline$3$1.accept(ReferencePipeline.java:197)
at java.base/java.util.stream.SortedOps$SizedRefSortingSink.end(SortedOps.java:357)
at java.base/java.util.stream.AbstractPipeline.copyInto(AbstractPipeline.java:485)
at java.base/java.util.stream.AbstractPipeline.wrapAndCopyInto(AbstractPipeline.java:474)
at java.base/java.util.stream.ReduceOps$ReduceOp.evaluateSequential(ReduceOps.java:913)
at java.base/java.util.stream.AbstractPipeline.evaluate(AbstractPipeline.java:234)
at java.base/java.util.stream.ReferencePipeline.collect(ReferencePipeline.java:682)
at org.openqa.selenium.SharedCapabilitiesMethods.abbreviate(SharedCapabilitiesMethods.java:108)
at org.openqa.selenium.SharedCapabilitiesMethods.toString(SharedCapabilitiesMethods.java:78)
at org.openqa.selenium.ImmutableCapabilities.toString(ImmutableCapabilities.java:195)
at org.openqa.selenium.remote.RemoteWebDriver.populateWebDriverException(RemoteWebDriver.java:593)
at org.openqa.selenium.remote.RemoteWebDriver.execute(RemoteWebDriver.java:570)
at org.openqa.selenium.remote.RemoteWebDriver.execute(RemoteWebDriver.java:598)
at org.openqa.selenium.remote.RemoteWebDriver.execute(RemoteWebDriver.java:602)
at org.openqa.selenium.remote.RemoteWebDriver.getScreenshotAs(RemoteWebDriver.java:318)
at com.framework.selenium.api.base.SeleniumBase.takeSnap(SeleniumBase.java:851)
at com.framework.utils.Reporter.reportStep(Reporter.java:80)
at com.framework.utils.Reporter.reportStep(Reporter.java:107)
at com.framework.selenium.api.base.SeleniumBase.takeSnap(SeleniumBase.java:854)
at com.framework.utils.Reporter.reportStep(Reporter.java:80)
at com.framework.utils.Reporter.reportStep(Reporter.java:107)
at com.framework.selenium.api.base.SeleniumBase.takeSnap(SeleniumBase.java:854)
at com.framework.utils.Reporter.reportStep(Reporter.java:80)
at com.framework.utils.Reporter.reportStep(Reporter.java:107)
at com.framework.selenium.api.base.SeleniumBase.takeSnap(SeleniumBase.java:854)
at com.framework.utils.Reporter.reportStep(Reporter.java:80)
at com.framework.utils.Reporter.reportStep(Reporter.java:107)
at com.framework.selenium.api.base.SeleniumBase.takeSnap(SeleniumBase.java:854)
at com.framework.utils.Reporter.reportStep(Reporter.java:80)
at com.framework.utils.Reporter.reportStep(Reporter.java:107)
at com.framework.selenium.api.base.SeleniumBase.takeSnap(SeleniumBase.java:854)
at com.framework.utils.Reporter.reportStep(Reporter.java:80)
at com.framework.utils.Reporter.reportStep(Reporter.java:107)
at com.framework.selenium.api.base.SeleniumBase.takeSnap(SeleniumBase.java:854)
at com.framework.utils.Reporter.reportStep(Reporter.java:80)
at com.framework.utils.Reporter.reportStep(Reporter.java:107)
at com.framework.selenium.api.base.SeleniumBase.takeSnap(SeleniumBase.java:854)
at com.framework.utils.Reporter.reportStep(Reporter.java:80)
at com.framework.utils.Reporter.reportStep(Reporter.java:107)
at com.framework.selenium.api.base.SeleniumBase.takeSnap(SeleniumBase.java:854)
at com.framework.utils.Reporter.reportStep(Reporter.java:80)
at com.framework.utils.Reporter.reportStep(Reporter.java:107)
at com.framework.selenium.api.base.SeleniumBase.takeSnap(SeleniumBase.java:854)
at com.framework.utils.Reporter.reportStep(Reporter.java:80)
at com.framework.utils.Reporter.reportStep(Reporter.java:107)
at com.framework.selenium.api.base.SeleniumBase.takeSnap(SeleniumBase.java:854)
at com.framework.utils.Reporter.reportStep(Reporter.java:80)
at com.framework.utils.Reporter.reportStep(Reporter.java:107)
at com.framework.selenium.api.base.SeleniumBase.takeSnap(SeleniumBase.java:854)
at com.framework.utils.Reporter.reportStep(Reporter.java:80)
at com.framework.utils.Reporter.reportStep(Reporter.java:107)
at com.framework.selenium.api.base.SeleniumBase.takeSnap(SeleniumBase.java:854)
at com.framework.utils.Reporter.reportStep(Reporter.java:80)
at com.framework.utils.Reporter.reportStep(Reporter.java:107)
at com.framework.selenium.api.base.SeleniumBase.takeSnap(SeleniumBase.java:854)
at com.framework.utils.Reporter.reportStep(Reporter.java:80)
at com.framework.utils.Reporter.reportStep(Reporter.java:107)
at com.framework.selenium.api.base.SeleniumBase.takeSnap(SeleniumBase.java:854)
at com.framework.utils.Reporter.reportStep(Reporter.java:80)
at com.framework.utils.Reporter.reportStep(Reporter.java:107)
at com.framework.selenium.api.base.SeleniumBase.takeSnap(SeleniumBase.java:854)
at com.framework.utils.Reporter.reportStep(Reporter.java:80)
at com.framework.utils.Reporter.reportStep(Reporter.java:107)
at com.framework.selenium.api.base.SeleniumBase.takeSnap(SeleniumBase.java:854)
at com.framework.utils.Reporter.reportStep(Reporter.java:80)
at com.framework.utils.Reporter.reportStep(Reporter.java:107)
at com.framework.selenium.api.base.SeleniumBase.takeSnap(SeleniumBase.java:854)
at com.framework.utils.Reporter.reportStep(Reporter.java:80)
at com.framework.utils.Reporter.reportStep(Reporter.java:107)
at com.framework.selenium.api.base.SeleniumBase.takeSnap(SeleniumBase.java:854)
at com.framework.utils.Reporter.reportStep(Reporter.java:80)
at com.framework.utils.Reporter.reportStep(Reporter.java:107)
at com.framework.selenium.api.base.SeleniumBase.takeSnap(SeleniumBase.java:854)
at com.framework.utils.Reporter.reportStep(Reporter.java:80)
at com.framework.utils.Reporter.reportStep(Reporter.java:107)
at com.framework.selenium.api.base.SeleniumBase.takeSnap(SeleniumBase.java:854)
at com.framework.utils.Reporter.reportStep(Reporter.java:80)
at com.framework.utils.Reporter.reportStep(Reporter.java:107)
at com.framework.selenium.api.base.SeleniumBase.takeSnap(SeleniumBase.java:854)
at com.framework.utils.Reporter.reportStep(Reporter.java:80)
at com.framework.utils.Reporter.reportStep(Reporter.java:107)
at com.framework.selenium.api.base.SeleniumBase.takeSnap(SeleniumBase.java:854)
at com.framework.utils.Reporter.reportStep(Reporter.java:80)
at com.framework.utils.Reporter.reportStep(Reporter.java:107)
at com.framework.selenium.api.base.SeleniumBase.takeSnap(SeleniumBase.java:854)
at com.framework.utils.Reporter.reportStep(Reporter.java:80)
at com.framework.utils.Reporter.reportStep(Reporter.java:107)
at com.framework.selenium.api.base.SeleniumBase.takeSnap(SeleniumBase.java:854)
at com.framework.utils.Reporter.reportStep(Reporter.java:80)
at com.framework.utils.Reporter.reportStep(Reporter.java:107)
at com.framework.selenium.api.base.SeleniumBase.takeSnap(SeleniumBase.java:854)
at com.framework.utils.Reporter.reportStep(Reporter.java:80)
at com.framework.utils.Reporter.reportStep(Reporter.java:107)
at com.framework.selenium.api.base.SeleniumBase.takeSnap(SeleniumBase.java:854)
at com.framework.utils.Reporter.reportStep(Reporter.java:80)
at com.framework.utils.Reporter.reportStep(Reporter.java:107)
at com.framework.selenium.api.base.SeleniumBase.takeSnap(SeleniumBase.java:854)
at com.framework.utils.Reporter.reportStep(Reporter.java:80)
at com.framework.utils.Reporter.reportStep(Reporter.java:107)
at com.framework.selenium.api.base.SeleniumBase.takeSnap(SeleniumBase.java:854)
at com.framework.utils.Reporter.reportStep(Reporter.java:80)
at com.framework.utils.Reporter.reportStep(Reporter.java:107)
at com.framework.selenium.api.base.SeleniumBase.takeSnap(SeleniumBase.java:854)
at com.framework.utils.Reporter.reportStep(Reporter.java:80)
at com.framework.utils.Reporter.reportStep(Reporter.java:107)
at com.framework.selenium.api.base.SeleniumBase.takeSnap(SeleniumBase.java:854)
at com.framework.utils.Reporter.reportStep(Reporter.java:80)
at com.framework.utils.Reporter.reportStep(Reporter.java:107)
at com.framework.selenium.api.base.SeleniumBase.takeSnap(SeleniumBase.java:854)
at com.framework.utils.Reporter.reportStep(Reporter.java:80)
at com.framework.utils.Reporter.reportStep(Reporter.java:107)
at com.framework.selenium.api.base.SeleniumBase.takeSnap(SeleniumBase.java:854)
at com.framework.utils.Reporter.reportStep(Reporter.java:80)
at com.framework.utils.Reporter.reportStep(Reporter.java:107)
at com.framework.selenium.api.base.SeleniumBase.takeSnap(SeleniumBase.java:854)
at com.framework.utils.Reporter.reportStep(Reporter.java:80)
at com.framework.utils.Reporter.reportStep(Reporter.java:107)
at com.framework.selenium.api.base.SeleniumBase.takeSnap(SeleniumBase.java:854)
at com.framework.utils.Reporter.reportStep(Reporter.java:80)
at com.framework.utils.Reporter.reportStep(Reporter.java:107)
at com.framework.selenium.api.base.SeleniumBase.takeSnap(SeleniumBase.java:854)
at com.framework.utils.Reporter.reportStep(Reporter.java:80)
at com.framework.utils.Reporter.reportStep(Reporter.java:107)
at com.framework.selenium.api.base.SeleniumBase.takeSnap(SeleniumBase.java:854)
at com.framework.utils.Reporter.reportStep(Reporter.java:80)
at com.framework.utils.Reporter.reportStep(Reporter.java:107)
at com.framework.selenium.api.base.SeleniumBase.takeSnap(SeleniumBase.java:854)
at com.framework.utils.Reporter.reportStep(Reporter.java:80)
at com.framework.utils.Reporter.reportStep(Reporter.java:107)
at com.framework.selenium.api.base.SeleniumBase.takeSnap(SeleniumBase.java:854)
at com.framework.utils.Reporter.reportStep(Reporter.java:80)
at com.framework.utils.Reporter.reportStep(Reporter.java:107)
at com.framework.selenium.api.base.SeleniumBase.takeSnap(SeleniumBase.java:854)
at com.framework.utils.Reporter.reportStep(Reporter.java:80)
at com.framework.utils.Reporter.reportStep(Reporter.java:107)
at com.framework.selenium.api.base.SeleniumBase.takeSnap(SeleniumBase.java:854)
at com.framework.utils.Reporter.reportStep(Reporter.java:80)
at com.framework.utils.Reporter.reportStep(Reporter.java:107)
at com.framework.selenium.api.base.SeleniumBase.takeSnap(SeleniumBase.java:854)
at com.framework.utils.Reporter.reportStep(Reporter.java:80)
at com.framework.utils.Reporter.reportStep(Reporter.java:107)
at com.framework.selenium.api.base.SeleniumBase.takeSnap(SeleniumBase.java:854)
at com.framework.utils.Reporter.reportStep(Reporter.java:80)
at com.framework.utils.Reporter.reportStep(Reporter.java:107)
at com.framework.selenium.api.base.SeleniumBase.takeSnap(SeleniumBase.java:854)
at com.framework.utils.Reporter.reportStep(Reporter.java:80)
at com.framework.utils.Reporter.reportStep(Reporter.java:107)
at com.framework.selenium.api.base.SeleniumBase.takeSnap(SeleniumBase.java:854)
at com.framework.utils.Reporter.reportStep(Reporter.java:80)
at com.framework.utils.Reporter.reportStep(Reporter.java:107)
at com.framework.selenium.api.base.SeleniumBase.takeSnap(SeleniumBase.java:854)
at com.framework.utils.Reporter.reportStep(Reporter.java:80)
at com.framework.utils.Reporter.reportStep(Reporter.java:107)
at com.framework.selenium.api.base.SeleniumBase.takeSnap(SeleniumBase.java:854)
at com.framework.utils.Reporter.reportStep(Reporter.java:80)
at com.framework.utils.Reporter.reportStep(Reporter.java:107)
at com.framework.selenium.api.base.SeleniumBase.takeSnap(SeleniumBase.java:854)
at com.framework.utils.Reporter.reportStep(Reporter.java:80)
at com.framework.utils.Reporter.reportStep(Reporter.java:107)
at com.framework.selenium.api.base.SeleniumBase.takeSnap(SeleniumBase.java:854)
at com.framework.utils.Reporter.reportStep(Reporter.java:80)
at com.framework.utils.Reporter.reportStep(Reporter.java:107)
at com.framework.selenium.api.base.SeleniumBase.takeSnap(SeleniumBase.java:854)
at com.framework.utils.Reporter.reportStep(Reporter.java:80)
at com.framework.utils.Reporter.reportStep(Reporter.java:107)
at com.framework.selenium.api.base.SeleniumBase.takeSnap(SeleniumBase.java:854)
at com.framework.utils.Reporter.reportStep(Reporter.java:80)
at com.framework.utils.Reporter.reportStep(Reporter.java:107)
at com.framework.selenium.api.base.SeleniumBase.takeSnap(SeleniumBase.java:854)
at com.framework.utils.Reporter.reportStep(Reporter.java:80)
at com.framework.utils.Reporter.reportStep(Reporter.java:107)
at com.framework.selenium.api.base.SeleniumBase.takeSnap(SeleniumBase.java:854)
at com.framework.utils.Reporter.reportStep(Reporter.java:80)
at com.framework.utils.Reporter.reportStep(Reporter.java:107)
at com.framework.selenium.api.base.SeleniumBase.takeSnap(SeleniumBase.java:854)
at com.framework.utils.Reporter.reportStep(Reporter.java:80)
at com.framework.utils.Reporter.reportStep(Reporter.java:107)
at com.framework.selenium.api.base.SeleniumBase.takeSnap(SeleniumBase.java:854)
at com.framework.utils.Reporter.reportStep(Reporter.java:80)
at com.framework.utils.Reporter.reportStep(Reporter.java:107)
at com.framework.selenium.api.base.SeleniumBase.takeSnap(SeleniumBase.java:854)
at com.framework.utils.Reporter.reportStep(Reporter.java:80)
at com.framework.utils.Reporter.reportStep(Reporter.java:107)
at com.framework.selenium.api.base.SeleniumBase.takeSnap(SeleniumBase.java:854)
at com.framework.utils.Reporter.reportStep(Reporter.java:80)
at com.framework.utils.Reporter.reportStep(Reporter.java:107)
at com.framework.selenium.api.base.SeleniumBase.takeSnap(SeleniumBase.java:854)
at com.framework.utils.Reporter.reportStep(Reporter.java:80)
at com.framework.utils.Reporter.reportStep(Reporter.java:107)
at com.framework.selenium.api.base.SeleniumBase.takeSnap(SeleniumBase.java:854)
at com.framework.utils.Reporter.reportStep(Reporter.java:80)
at com.framework.utils.Reporter.reportStep(Reporter.java:107)
at com.framework.selenium.api.base.SeleniumBase.takeSnap(SeleniumBase.java:854)
at com.framework.utils.Reporter.reportStep(Reporter.java:80)
at com.framework.utils.Reporter.reportStep(Reporter.java:107)
at com.framework.selenium.api.base.SeleniumBase.takeSnap(SeleniumBase.java:854)
at com.framework.utils.Reporter.reportStep(Reporter.java:80)
at com.framework.utils.Reporter.reportStep(Reporter.java:107)
at com.framework.selenium.api.base.SeleniumBase.takeSnap(SeleniumBase.java:854)
at com.framework.utils.Reporter.reportStep(Reporter.java:80)
at com.framework.utils.Reporter.reportStep(Reporter.java:107)
at com.framework.selenium.api.base.SeleniumBase.takeSnap(SeleniumBase.java:854)
at com.framework.utils.Reporter.reportStep(Reporter.java:80)
at com.framework.utils.Reporter.reportStep(Reporter.java:107)
at com.framework.selenium.api.base.SeleniumBase.takeSnap(SeleniumBase.java:854)
at com.framework.utils.Reporter.reportStep(Reporter.java:80)
at com.framework.utils.Reporter.reportStep(Reporter.java:107)
at com.framework.selenium.api.base.SeleniumBase.takeSnap(SeleniumBase.java:854)
at com.framework.utils.Reporter.reportStep(Reporter.java:80)
at com.framework.utils.Reporter.reportStep(Reporter.java:107)
at com.framework.selenium.api.base.SeleniumBase.takeSnap(SeleniumBase.java:854)
at com.framework.utils.Reporter.reportStep(Reporter.java:80)
at com.framework.utils.Reporter.reportStep(Reporter.java:107)
at com.framework.selenium.api.base.SeleniumBase.takeSnap(SeleniumBase.java:854)
at com.framework.utils.Reporter.reportStep(Reporter.java:80)
at com.framework.utils.Reporter.reportStep(Reporter.java:107)
at com.framework.selenium.api.base.SeleniumBase.takeSnap(SeleniumBase.java:854)
at com.framework.utils.Reporter.reportStep(Reporter.java:80)
at com.framework.utils.Reporter.reportStep(Reporter.java:107)
at com.framework.selenium.api.base.SeleniumBase.takeSnap(SeleniumBase.java:854)
at com.framework.utils.Reporter.reportStep(Reporter.java:80)
at com.framework.utils.Reporter.reportStep(Reporter.java:107)
at com.framework.selenium.api.base.SeleniumBase.takeSnap(SeleniumBase.java:854)
at com.framework.utils.Reporter.reportStep(Reporter.java:80)
at com.framework.utils.Reporter.reportStep(Reporter.java:107)
at com.framework.selenium.api.base.SeleniumBase.takeSnap(SeleniumBase.java:854)
at com.framework.utils.Reporter.reportStep(Reporter.java:80)
at com.framework.utils.Reporter.reportStep(Reporter.java:107)
at com.framework.selenium.api.base.SeleniumBase.takeSnap(SeleniumBase.java:854)
at com.framework.utils.Reporter.reportStep(Reporter.java:80)
at com.framework.utils.Reporter.reportStep(Reporter.java:107)
at com.framework.selenium.api.base.SeleniumBase.takeSnap(SeleniumBase.java:854)
at com.framework.utils.Reporter.reportStep(Reporter.java:80)
at com.framework.utils.Reporter.reportStep(Reporter.java:107)
at com.framework.selenium.api.base.SeleniumBase.takeSnap(SeleniumBase.java:854)
at com.framework.utils.Reporter.reportStep(Reporter.java:80)
at com.framework.utils.Reporter.reportStep(Reporter.java:107)
at com.framework.selenium.api.base.SeleniumBase.takeSnap(SeleniumBase.java:854)
at com.framework.utils.Reporter.reportStep(Reporter.java:80)
at com.framework.utils.Reporter.reportStep(Reporter.java:107)
at com.framework.selenium.api.base.SeleniumBase.takeSnap(SeleniumBase.java:854)
at com.framework.utils.Reporter.reportStep(Reporter.java:80)
at com.framework.utils.Reporter.reportStep(Reporter.java:107)
at com.framework.selenium.api.base.SeleniumBase.takeSnap(SeleniumBase.java:854)
at com.framework.utils.Reporter.reportStep(Reporter.java:80)
at com.framework.utils.Reporter.reportStep(Reporter.java:107)
at com.framework.selenium.api.base.SeleniumBase.takeSnap(SeleniumBase.java:854)
at com.framework.utils.Reporter.reportStep(Reporter.java:80)
at com.framework.utils.Reporter.reportStep(Reporter.java:107)
at com.framework.selenium.api.base.SeleniumBase.takeSnap(SeleniumBase.java:854)
at com.framework.utils.Reporter.reportStep(Reporter.java:80)
at com.framework.utils.Reporter.reportStep(Reporter.java:107)
at com.framework.selenium.api.base.SeleniumBase.takeSnap(SeleniumBase.java:854)
at com.framework.utils.Reporter.reportStep(Reporter.java:80)
at com.framework.utils.Reporter.reportStep(Reporter.java:107)
at com.framework.selenium.api.base.SeleniumBase.takeSnap(SeleniumBase.java:854)
at com.framework.utils.Reporter.reportStep(Reporter.java:80)
at com.framework.utils.Reporter.reportStep(Reporter.java:107)
at com.framework.selenium.api.base.SeleniumBase.takeSnap(SeleniumBase.java:854)
at com.framework.utils.Reporter.reportStep(Reporter.java:80)
at com.framework.utils.Reporter.reportStep(Reporter.java:107)
at com.framework.selenium.api.base.SeleniumBase.takeSnap(SeleniumBase.java:854)
at com.framework.utils.Reporter.reportStep(Reporter.java:80)
at com.framework.utils.Reporter.reportStep(Reporter.java:107)
at com.framework.selenium.api.base.SeleniumBase.takeSnap(SeleniumBase.java:854)
at com.framework.utils.Reporter.reportStep(Reporter.java:80)
at com.framework.utils.Reporter.reportStep(Reporter.java:107)
at com.framework.selenium.api.base.SeleniumBase.takeSnap(SeleniumBase.java:854)
at com.framework.utils.Reporter.reportStep(Reporter.java:80)
at com.framework.utils.Reporter.reportStep(Reporter.java:107)
at com.framework.selenium.api.base.SeleniumBase.takeSnap(SeleniumBase.java:854)
at com.framework.utils.Reporter.reportStep(Reporter.java:80)
at com.framework.utils.Reporter.reportStep(Reporter.java:107)
at com.framework.selenium.api.base.SeleniumBase.takeSnap(SeleniumBase.java:854)
at com.framework.utils.Reporter.reportStep(Reporter.java:80)
at com.framework.utils.Reporter.reportStep(Reporter.java:107)
at com.framework.selenium.api.base.SeleniumBase.takeSnap(SeleniumBase.java:854)
at com.framework.utils.Reporter.reportStep(Reporter.java:80)
at com.framework.utils.Reporter.reportStep(Reporter.java:107)
at com.framework.selenium.api.base.SeleniumBase.takeSnap(SeleniumBase.java:854)
at com.framework.utils.Reporter.reportStep(Reporter.java:80)
at com.framework.utils.Reporter.reportStep(Reporter.java:107)
at com.framework.selenium.api.base.SeleniumBase.takeSnap(SeleniumBase.java:854)
at com.framework.utils.Reporter.reportStep(Reporter.java:80)
at com.framework.utils.Reporter.reportStep(Reporter.java:107)
at com.framework.selenium.api.base.SeleniumBase.takeSnap(SeleniumBase.java:854)
at com.framework.utils.Reporter.reportStep(Reporter.java:80)
at com.framework.utils.Reporter.reportStep(Reporter.java:107)
at com.framework.selenium.api.base.SeleniumBase.takeSnap(SeleniumBase.java:854)
at com.framework.utils.Reporter.reportStep(Reporter.java:80)
at com.framework.utils.Reporter.reportStep(Reporter.java:107)
at com.framework.selenium.api.base.SeleniumBase.takeSnap(SeleniumBase.java:854)
at com.framework.utils.Reporter.reportStep(Reporter.java:80)
at com.framework.utils.Reporter.reportStep(Reporter.java:107)
at com.framework.selenium.api.base.SeleniumBase.takeSnap(SeleniumBase.java:854)
at com.framework.utils.Reporter.reportStep(Reporter.java:80)
at com.framework.utils.Reporter.reportStep(Reporter.java:107)
at com.framework.selenium.api.base.SeleniumBase.takeSnap(SeleniumBase.java:854)
at com.framework.utils.Reporter.reportStep(Reporter.java:80)
at com.framework.utils.Reporter.reportStep(Reporter.java:107)
at com.framework.selenium.api.base.SeleniumBase.takeSnap(SeleniumBase.java:854)
at com.framework.utils.Reporter.reportStep(Reporter.java:80)
at com.framework.utils.Reporter.reportStep(Reporter.java:107)
at com.framework.selenium.api.base.SeleniumBase.takeSnap(SeleniumBase.java:854)
at com.framework.utils.Reporter.reportStep(Reporter.java:80)
at com.framework.utils.Reporter.reportStep(Reporter.java:107)
at com.framework.selenium.api.base.SeleniumBase.takeSnap(SeleniumBase.java:854)
at com.framework.utils.Reporter.reportStep(Reporter.java:80)
at com.framework.utils.Reporter.reportStep(Reporter.java:107)
at com.framework.selenium.api.base.SeleniumBase.takeSnap(SeleniumBase.java:854)
at com.framework.utils.Reporter.reportStep(Reporter.java:80)
at com.framework.utils.Reporter.reportStep(Reporter.java:107)
at com.framework.selenium.api.base.SeleniumBase.takeSnap(SeleniumBase.java:854)
at com.framework.utils.Reporter.reportStep(Reporter.java:80)
at com.framework.utils.Reporter.reportStep(Reporter.java:107)
at com.framework.selenium.api.base.SeleniumBase.takeSnap(SeleniumBase.java:854)
at com.framework.utils.Reporter.reportStep(Reporter.java:80)
at com.framework.utils.Reporter.reportStep(Reporter.java:107)
at com.framework.selenium.api.base.SeleniumBase.takeSnap(SeleniumBase.java:854)
at com.framework.utils.Reporter.reportStep(Reporter.java:80)
at com.framework.utils.Reporter.reportStep(Reporter.java:107)
at com.framework.selenium.api.base.SeleniumBase.takeSnap(SeleniumBase.java:854)
at com.framework.utils.Reporter.reportStep(Reporter.java:80)
at com.framework.utils.Reporter.reportStep(Reporter.java:107)
at com.framework.selenium.api.base.SeleniumBase.takeSnap(SeleniumBase.java:854)
at com.framework.utils.Reporter.reportStep(Reporter.java:80)
at com.framework.utils.Reporter.reportStep(Reporter.java:107)
at com.framework.selenium.api.base.SeleniumBase.takeSnap(SeleniumBase.java:854)
at com.framework.utils.Reporter.reportStep(Reporter.java:80)
at com.framework.utils.Reporter.reportStep(Reporter.java:107)
at com.framework.selenium.api.base.SeleniumBase.takeSnap(SeleniumBase.java:854)
at com.framework.utils.Reporter.reportStep(Reporter.java:80)
at com.framework.utils.Reporter.reportStep(Reporter.java:107)
at com.framework.selenium.api.base.SeleniumBase.takeSnap(SeleniumBase.java:854)
at com.framework.utils.Reporter.reportStep(Reporter.java:80)
at com.framework.utils.Reporter.reportStep(Reporter.java:107)
at com.framework.selenium.api.base.SeleniumBase.takeSnap(SeleniumBase.java:854)
at com.framework.utils.Reporter.reportStep(Reporter.java:80)
at com.framework.utils.Reporter.reportStep(Reporter.java:107)
at com.framework.selenium.api.base.SeleniumBase.takeSnap(SeleniumBase.java:854)
at com.framework.utils.Reporter.reportStep(Reporter.java:80)
at com.framework.utils.Reporter.reportStep(Reporter.java:107)
at com.framework.selenium.api.base.SeleniumBase.takeSnap(SeleniumBase.java:854)
at com.framework.utils.Reporter.reportStep(Reporter.java:80)
at com.framework.utils.Reporter.reportStep(Reporter.java:107)
at com.framework.selenium.api.base.SeleniumBase.takeSnap(SeleniumBase.java:854)
at com.framework.utils.Reporter.reportStep(Reporter.java:80)
at com.framework.utils.Reporter.reportStep(Reporter.java:107)
at com.framework.selenium.api.base.SeleniumBase.takeSnap(SeleniumBase.java:854)
at com.framework.utils.Reporter.reportStep(Reporter.java:80)
at com.framework.utils.Reporter.reportStep(Reporter.java:107)
at com.framework.selenium.api.base.SeleniumBase.takeSnap(SeleniumBase.java:854)
at com.framework.utils.Reporter.reportStep(Reporter.java:80)
at com.framework.utils.Reporter.reportStep(Reporter.java:107)
at com.framework.selenium.api.base.SeleniumBase.takeSnap(SeleniumBase.java:854)
at com.framework.utils.Reporter.reportStep(Reporter.java:80)
at com.framework.utils.Reporter.reportStep(Reporter.java:107)
at com.framework.selenium.api.base.SeleniumBase.takeSnap(SeleniumBase.java:854)
at com.framework.utils.Reporter.reportStep(Reporter.java:80)
at com.framework.utils.Reporter.reportStep(Reporter.java:107)
at com.framework.selenium.api.base.SeleniumBase.takeSnap(SeleniumBase.java:854)
at com.framework.utils.Reporter.reportStep(Reporter.java:80)
at com.framework.utils.Reporter.reportStep(Reporter.java:107)
at com.framework.selenium.api.base.SeleniumBase.takeSnap(SeleniumBase.java:854)
at com.framework.utils.Reporter.reportStep(Reporter.java:80)
at com.framework.utils.Reporter.reportStep(Reporter.java:107)
at com.framework.selenium.api.base.SeleniumBase.takeSnap(SeleniumBase.java:854)
at com.framework.utils.Reporter.reportStep(Reporter.java:80)
at com.framework.utils.Reporter.reportStep(Reporter.java:107)
at com.framework.selenium.api.base.SeleniumBase.takeSnap(SeleniumBase.java:854)
at com.framework.utils.Reporter.reportStep(Reporter.java:80)
at com.framework.utils.Reporter.reportStep(Reporter.java:107)
at com.framework.selenium.api.base.SeleniumBase.takeSnap(SeleniumBase.java:854)
at com.framework.utils.Reporter.reportStep(Reporter.java:80)
at com.framework.utils.Reporter.reportStep(Reporter.java:107)
at com.framework.selenium.api.base.SeleniumBase.takeSnap(SeleniumBase.java:854)
at com.framework.utils.Reporter.reportStep(Reporter.java:80)
at com.framework.utils.Reporter.reportStep(Reporter.java:107)
at com.framework.selenium.api.base.SeleniumBase.takeSnap(SeleniumBase.java:854)
at com.framework.utils.Reporter.reportStep(Reporter.java:80)
at com.framework.utils.Reporter.reportStep(Reporter.java:107)
at com.framework.selenium.api.base.SeleniumBase.takeSnap(SeleniumBase.java:854)
at com.framework.utils.Reporter.reportStep(Reporter.java:80)
at com.framework.utils.Reporter.reportStep(Reporter.java:107)
at com.framework.selenium.api.base.SeleniumBase.takeSnap(SeleniumBase.java:854)
at com.framework.utils.Reporter.reportStep(Reporter.java:80)
at com.framework.utils.Reporter.reportStep(Reporter.java:107)
at com.framework.selenium.api.base.SeleniumBase.takeSnap(SeleniumBase.java:854)
at com.framework.utils.Reporter.reportStep(Reporter.java:80)
at com.framework.utils.Reporter.reportStep(Reporter.java:107)
at com.framework.selenium.api.base.SeleniumBase.takeSnap(SeleniumBase.java:854)
at com.framework.utils.Reporter.reportStep(Reporter.java:80)
at com.framework.utils.Reporter.reportStep(Reporter.java:107)
at com.framework.selenium.api.base.SeleniumBase.takeSnap(SeleniumBase.java:854)
at com.framework.utils.Reporter.reportStep(Reporter.java:80)
at com.framework.utils.Reporter.reportStep(Reporter.java:107)
at com.framework.selenium.api.base.SeleniumBase.takeSnap(SeleniumBase.java:854)
at com.framework.utils.Reporter.reportStep(Reporter.java:80)
at com.framework.utils.Reporter.reportStep(Reporter.java:107)
at com.framework.selenium.api.base.SeleniumBase.takeSnap(SeleniumBase.java:854)
at com.framework.utils.Reporter.reportStep(Reporter.java:80)
at com.framework.utils.Reporter.reportStep(Reporter.java:107)
at com.framework.selenium.api.base.SeleniumBase.takeSnap(SeleniumBase.java:854)
at com.framework.utils.Reporter.reportStep(Reporter.java:80)
at com.framework.utils.Reporter.reportStep(Reporter.java:107)
at com.framework.selenium.api.base.SeleniumBase.takeSnap(SeleniumBase.java:854)
at com.framework.utils.Reporter.reportStep(Reporter.java:80)
at com.framework.utils.Reporter.reportStep(Reporter.java:107)
at com.framework.selenium.api.base.SeleniumBase.takeSnap(SeleniumBase.java:854)
at com.framework.utils.Reporter.reportStep(Reporter.java:80)
at com.framework.utils.Reporter.reportStep(Reporter.java:107)
at com.framework.selenium.api.base.SeleniumBase.takeSnap(SeleniumBase.java:854)
at com.framework.utils.Reporter.reportStep(Reporter.java:80)
at com.framework.utils.Reporter.reportStep(Reporter.java:107)
at com.framework.selenium.api.base.SeleniumBase.takeSnap(SeleniumBase.java:854)
at com.framework.utils.Reporter.reportStep(Reporter.java:80)
at com.framework.utils.Reporter.reportStep(Reporter.java:107)
at com.framework.selenium.api.base.SeleniumBase.takeSnap(SeleniumBase.java:854)
at com.framework.utils.Reporter.reportStep(Reporter.java:80)
at com.framework.utils.Reporter.reportStep(Reporter.java:107)
at com.framework.selenium.api.base.SeleniumBase.takeSnap(SeleniumBase.java:854)
at com.framework.utils.Reporter.reportStep(Reporter.java:80)
at com.framework.utils.Reporter.reportStep(Reporter.java:107)
at com.framework.selenium.api.base.SeleniumBase.takeSnap(SeleniumBase.java:854)
at com.framework.utils.Reporter.reportStep(Reporter.java:80)
at com.framework.utils.Reporter.reportStep(Reporter.java:107)
at com.framework.selenium.api.base.SeleniumBase.takeSnap(SeleniumBase.java:854)
at com.framework.utils.Reporter.reportStep(Reporter.java:80)
at com.framework.utils.Reporter.reportStep(Reporter.java:107)
at com.framework.selenium.api.base.SeleniumBase.takeSnap(SeleniumBase.java:854)
at com.framework.utils.Reporter.reportStep(Reporter.java:80)
at com.framework.utils.Reporter.reportStep(Reporter.java:107)
at com.framework.selenium.api.base.SeleniumBase.takeSnap(SeleniumBase.java:854)
at com.framework.utils.Reporter.reportStep(Reporter.java:80)
at com.framework.utils.Reporter.reportStep(Reporter.java:107)
at com.framework.selenium.api.base.SeleniumBase.takeSnap(SeleniumBase.java:854)
at com.framework.utils.Reporter.reportStep(Reporter.java:80)
at com.framework.utils.Reporter.reportStep(Reporter.java:107)
at com.framework.selenium.api.base.SeleniumBase.takeSnap(SeleniumBase.java:854)
at com.framework.utils.Reporter.reportStep(Reporter.java:80)
at com.framework.utils.Reporter.reportStep(Reporter.java:107)
at com.framework.selenium.api.base.SeleniumBase.takeSnap(SeleniumBase.java:854)
at com.framework.utils.Reporter.reportStep(Reporter.java:80)
at com.framework.utils.Reporter.reportStep(Reporter.java:107)
at com.framework.selenium.api.base.SeleniumBase.takeSnap(SeleniumBase.java:854)
at com.framework.utils.Reporter.reportStep(Reporter.java:80)
at com.framework.utils.Reporter.reportStep(Reporter.java:107)
at com.framework.selenium.api.base.SeleniumBase.takeSnap(SeleniumBase.java:854)
at com.framework.utils.Reporter.reportStep(Reporter.java:80)
at com.framework.utils.Reporter.reportStep(Reporter.java:107)
at com.framework.selenium.api.base.SeleniumBase.takeSnap(SeleniumBase.java:854)
at com.framework.utils.Reporter.reportStep(Reporter.java:80)
at com.framework.utils.Reporter.reportStep(Reporter.java:107)
at com.framework.selenium.api.base.SeleniumBase.takeSnap(SeleniumBase.java:854)
at com.framework.utils.Reporter.reportStep(Reporter.java:80)
at com.framework.utils.Reporter.reportStep(Reporter.java:107)
at com.framework.selenium.api.base.SeleniumBase.takeSnap(SeleniumBase.java:854)
at com.framework.utils.Reporter.reportStep(Reporter.java:80)
at com.framework.utils.Reporter.reportStep(Reporter.java:107)
at com.framework.selenium.api.base.SeleniumBase.takeSnap(SeleniumBase.java:854)
at com.framework.utils.Reporter.reportStep(Reporter.java:80)
at com.framework.utils.Reporter.reportStep(Reporter.java:107)
at com.framework.selenium.api.base.SeleniumBase.takeSnap(SeleniumBase.java:854)
at com.framework.utils.Reporter.reportStep(Reporter.java:80)
at com.framework.utils.Reporter.reportStep(Reporter.java:107)
at com.framework.selenium.api.base.SeleniumBase.takeSnap(SeleniumBase.java:854)
at com.framework.utils.Reporter.reportStep(Reporter.java:80)
at com.framework.utils.Reporter.reportStep(Reporter.java:107)
at com.framework.selenium.api.base.SeleniumBase.takeSnap(SeleniumBase.java:854)
at com.framework.utils.Reporter.reportStep(Reporter.java:80)
at com.framework.utils.Reporter.reportStep(Reporter.java:107)
at com.framework.selenium.api.base.SeleniumBase.takeSnap(SeleniumBase.java:854)
at com.framework.utils.Reporter.reportStep(Reporter.java:80)
at com.framework.utils.Reporter.reportStep(Reporter.java:107)
at com.framework.selenium.api.base.SeleniumBase.takeSnap(SeleniumBase.java:854)
at com.framework.utils.Reporter.reportStep(Reporter.java:80)
at com.framework.utils.Reporter.reportStep(Reporter.java:107)
at com.framework.selenium.api.base.SeleniumBase.takeSnap(SeleniumBase.java:854)
at com.framework.utils.Reporter.reportStep(Reporter.java:80)
at com.framework.utils.Reporter.reportStep(Reporter.java:107)
at com.framework.selenium.api.base.SeleniumBase.takeSnap(SeleniumBase.java:854)
at com.framework.utils.Reporter.reportStep(Reporter.java:80)
at com.framework.utils.Reporter.reportStep(Reporter.java:107)
at com.framework.selenium.api.base.SeleniumBase.takeSnap(SeleniumBase.java:854)
at com.framework.utils.Reporter.reportStep(Reporter.java:80)
at com.framework.utils.Reporter.reportStep(Reporter.java:107)
at com.framework.selenium.api.base.SeleniumBase.takeSnap(SeleniumBase.java:854)
at com.framework.utils.Reporter.reportStep(Reporter.java:80)
at com.framework.utils.Reporter.reportStep(Reporter.java:107)
at com.framework.selenium.api.base.SeleniumBase.takeSnap(SeleniumBase.java:854)
at com.framework.utils.Reporter.reportStep(Reporter.java:80)
at com.framework.utils.Reporter.reportStep(Reporter.java:107)
at com.framework.selenium.api.base.SeleniumBase.takeSnap(SeleniumBase.java:854)
at com.framework.utils.Reporter.reportStep(Reporter.java:80)
at com.framework.utils.Reporter.reportStep(Reporter.java:107)
at com.framework.selenium.api.base.SeleniumBase.takeSnap(SeleniumBase.java:854)
at com.framework.utils.Reporter.reportStep(Reporter.java:80)
at com.framework.utils.Reporter.reportStep(Reporter.java:107)
at com.framework.selenium.api.base.SeleniumBase.takeSnap(SeleniumBase.java:854)
at com.framework.utils.Reporter.reportStep(Reporter.java:80)
at com.framework.utils.Reporter.reportStep(Reporter.java:107)
at com.framework.selenium.api.base.SeleniumBase.takeSnap(SeleniumBase.java:854)
at com.framework.utils.Reporter.reportStep(Reporter.java:80)
at com.framework.utils.Reporter.reportStep(Reporter.java:107)
at com.framework.selenium.api.base.SeleniumBase.takeSnap(SeleniumBase.java:854)
at com.framework.utils.Reporter.reportStep(Reporter.java:80)
at com.framework.utils.Reporter.reportStep(Reporter.java:107)
at com.framework.selenium.api.base.SeleniumBase.takeSnap(SeleniumBase.java:854)
at com.framework.utils.Reporter.reportStep(Reporter.java:80)
at com.framework.utils.Reporter.reportStep(Reporter.java:107)
at com.framework.selenium.api.base.SeleniumBase.takeSnap(SeleniumBase.java:854)
at com.framework.utils.Reporter.reportStep(Reporter.java:80)
at com.framework.utils.Reporter.reportStep(Reporter.java:107)
at com.framework.selenium.api.base.SeleniumBase.takeSnap(SeleniumBase.java:854)
at com.framework.utils.Reporter.reportStep(Reporter.java:80)
at com.framework.utils.Reporter.reportStep(Reporter.java:107)
at com.framework.selenium.api.base.SeleniumBase.takeSnap(SeleniumBase.java:854)
at com.framework.utils.Reporter.reportStep(Reporter.java:80)
at com.framework.utils.Reporter.reportStep(Reporter.java:107)
at com.framework.selenium.api.base.SeleniumBase.takeSnap(SeleniumBase.java:854)
at com.framework.utils.Reporter.reportStep(Reporter.java:80)
at com.framework.utils.Reporter.reportStep(Reporter.java:107)
at com.framework.selenium.api.base.SeleniumBase.takeSnap(SeleniumBase.java:854)
at com.framework.utils.Reporter.reportStep(Reporter.java:80)
at com.framework.utils.Reporter.reportStep(Reporter.java:107)
at com.framework.selenium.api.base.SeleniumBase.takeSnap(SeleniumBase.java:854)
at com.framework.utils.Reporter.reportStep(Reporter.java:80)
at com.framework.utils.Reporter.reportStep(Reporter.java:107)
at com.framework.selenium.api.base.SeleniumBase.takeSnap(SeleniumBase.java:854)
at com.framework.utils.Reporter.reportStep(Reporter.java:80)
at com.framework.utils.Reporter.reportStep(Reporter.java:107)
at com.framework.selenium.api.base.SeleniumBase.takeSnap(SeleniumBase.java:854)
at com.framework.utils.Reporter.reportStep(Reporter.java:80)
at com.framework.utils.Reporter.reportStep(Reporter.java:107)
at com.framework.selenium.api.base.SeleniumBase.takeSnap(SeleniumBase.java:854)
at com.framework.utils.Reporter.reportStep(Reporter.java:80)
at com.framework.utils.Reporter.reportStep(Reporter.java:107)
at com.framework.selenium.api.base.SeleniumBase.takeSnap(SeleniumBase.java:854)
at com.framework.utils.Reporter.reportStep(Reporter.java:80)
at com.framework.utils.Reporter.reportStep(Reporter.java:107)
at com.framework.selenium.api.base.SeleniumBase.takeSnap(SeleniumBase.java:854)
at com.framework.utils.Reporter.reportStep(Reporter.java:80)
at com.framework.utils.Reporter.reportStep(Reporter.java:107)
at com.framework.selenium.api.base.SeleniumBase.takeSnap(SeleniumBase.java:854)
at com.framework.utils.Reporter.reportStep(Reporter.java:80)
at com.framework.utils.Reporter.reportStep(Reporter.java:107)
at com.framework.selenium.api.base.SeleniumBase.takeSnap(SeleniumBase.java:854)
at com.framework.utils.Reporter.reportStep(Reporter.java:80)
at com.framework.utils.Reporter.reportStep(Reporter.java:107)
at com.framework.selenium.api.base.SeleniumBase.takeSnap(SeleniumBase.java:854)
at com.framework.utils.Reporter.reportStep(Reporter.java:80)
at com.framework.utils.Reporter.reportStep(Reporter.java:107)
at com.framework.selenium.api.base.SeleniumBase.takeSnap(SeleniumBase.java:854)
at com.framework.utils.Reporter.reportStep(Reporter.java:80)
at com.framework.utils.Reporter.reportStep(Reporter.java:107)
at com.framework.selenium.api.base.SeleniumBase.takeSnap(SeleniumBase.java:854)
at com.framework.utils.Reporter.reportStep(Reporter.java:80)
at com.framework.utils.Reporter.reportStep(Reporter.java:107)
at com.framework.selenium.api.base.SeleniumBase.takeSnap(SeleniumBase.java:854)
at com.framework.utils.Reporter.reportStep(Reporter.java:80)
at com.framework.utils.Reporter.reportStep(Reporter.java:107)
at com.framework.selenium.api.base.SeleniumBase.takeSnap(SeleniumBase.java:854)
at com.framework.utils.Reporter.reportStep(Reporter.java:80)
at com.framework.utils.Reporter.reportStep(Reporter.java:107)
at com.framework.selenium.api.base.SeleniumBase.takeSnap(SeleniumBase.java:854)
at com.framework.utils.Reporter.reportStep(Reporter.java:80)
at com.framework.utils.Reporter.reportStep(Reporter.java:107)
at com.framework.selenium.api.base.SeleniumBase.takeSnap(SeleniumBase.java:854)
at com.framework.utils.Reporter.reportStep(Reporter.java:80)
at com.framework.utils.Reporter.reportStep(Reporter.java:107)
at com.framework.selenium.api.base.SeleniumBase.takeSnap(SeleniumBase.java:854)
at com.framework.utils.Reporter.reportStep(Reporter.java:80)
at com.framework.utils.Reporter.reportStep(Reporter.java:107)
at com.framework.selenium.api.base.SeleniumBase.takeSnap(SeleniumBase.java:854)
at com.framework.utils.Reporter.reportStep(Reporter.java:80)
at com.framework.utils.Reporter.reportStep(Reporter.java:107)
at com.framework.selenium.api.base.SeleniumBase.takeSnap(SeleniumBase.java:854)
at com.framework.utils.Reporter.reportStep(Reporter.java:80)
at com.framework.utils.Reporter.reportStep(Reporter.java:107)
at com.framework.selenium.api.base.SeleniumBase.takeSnap(SeleniumBase.java:854)
at com.framework.utils.Reporter.reportStep(Reporter.java:80)
at com.framework.utils.Reporter.reportStep(Reporter.java:107)
at com.framework.selenium.api.base.SeleniumBase.takeSnap(SeleniumBase.java:854)
at com.framework.utils.Reporter.reportStep(Reporter.java:80)
at com.framework.utils.Reporter.reportStep(Reporter.java:107)
at com.framework.selenium.api.base.SeleniumBase.takeSnap(SeleniumBase.java:854)
at com.framework.utils.Reporter.reportStep(Reporter.java:80)
at com.framework.utils.Reporter.reportStep(Reporter.java:107)
at com.framework.selenium.api.base.SeleniumBase.takeSnap(SeleniumBase.java:854)
at com.framework.utils.Reporter.reportStep(Reporter.java:80)
at com.framework.utils.Reporter.reportStep(Reporter.java:107)
at com.framework.selenium.api.base.SeleniumBase.takeSnap(SeleniumBase.java:854)
at com.framework.utils.Reporter.reportStep(Reporter.java:80)
at com.framework.utils.Reporter.reportStep(Reporter.java:107)
at com.framework.selenium.api.base.SeleniumBase.takeSnap(SeleniumBase.java:854)
at com.framework.utils.Reporter.reportStep(Reporter.java:80)
at com.framework.utils.Reporter.reportStep(Reporter.java:107)
at com.framework.selenium.api.base.SeleniumBase.takeSnap(SeleniumBase.java:854)
at com.framework.utils.Reporter.reportStep(Reporter.java:80)
at com.framework.utils.Reporter.reportStep(Reporter.java:107)
at com.framework.selenium.api.base.SeleniumBase.takeSnap(SeleniumBase.java:854)
at com.framework.utils.Reporter.reportStep(Reporter.java:80)
at com.framework.utils.Reporter.reportStep(Reporter.java:107)
at com.framework.selenium.api.base.SeleniumBase.takeSnap(SeleniumBase.java:854)
at com.framework.utils.Reporter.reportStep(Reporter.java:80)
at com.framework.utils.Reporter.reportStep(Reporter.java:107)
at com.framework.selenium.api.base.SeleniumBase.takeSnap(SeleniumBase.java:854)
at com.framework.utils.Reporter.reportStep(Reporter.java:80)
at com.framework.utils.Reporter.reportStep(Reporter.java:107)
at com.framework.selenium.api.base.SeleniumBase.takeSnap(SeleniumBase.java:854)
at com.framework.utils.Reporter.reportStep(Reporter.java:80)
at com.framework.utils.Reporter.reportStep(Reporter.java:107)
at com.framework.selenium.api.base.SeleniumBase.takeSnap(SeleniumBase.java:854)
at com.framework.utils.Reporter.reportStep(Reporter.java:80)
at com.framework.utils.Reporter.reportStep(Reporter.java:107)
at com.framework.selenium.api.base.SeleniumBase.takeSnap(SeleniumBase.java:854)
at com.framework.utils.Reporter.reportStep(Reporter.java:80)
at com.framework.utils.Reporter.reportStep(Reporter.java:107)
at com.framework.selenium.api.base.SeleniumBase.takeSnap(SeleniumBase.java:854)
at com.framework.utils.Reporter.reportStep(Reporter.java:80)
at com.framework.utils.Reporter.reportStep(Reporter.java:107)
at com.framework.selenium.api.base.SeleniumBase.takeSnap(SeleniumBase.java:854)
at com.framework.utils.Reporter.reportStep(Reporter.java:80)
at com.framework.utils.Reporter.reportStep(Reporter.java:107)
at com.framework.selenium.api.base.SeleniumBase.takeSnap(SeleniumBase.java:854)
at com.framework.utils.Reporter.reportStep(Reporter.java:80)
at com.framework.utils.Reporter.reportStep(Reporter.java:107)
at com.framework.selenium.api.base.SeleniumBase.takeSnap(SeleniumBase.java:854)
at com.framework.utils.Reporter.reportStep(Reporter.java:80)
at com.framework.utils.Reporter.reportStep(Reporter.java:107)
at com.framework.selenium.api.base.SeleniumBase.takeSnap(SeleniumBase.java:854)
at com.framework.utils.Reporter.reportStep(Reporter.java:80)
at com.framework.utils.Reporter.reportStep(Reporter.java:107)
at com.framework.selenium.api.base.SeleniumBase.takeSnap(SeleniumBase.java:854)
at com.framework.utils.Reporter.reportStep(Reporter.java:80)
at com.framework.utils.Reporter.reportStep(Reporter.java:107)
at com.framework.selenium.api.base.SeleniumBase.takeSnap(SeleniumBase.java:854)
at com.framework.utils.Reporter.reportStep(Reporter.java:80)
at com.framework.utils.Reporter.reportStep(Reporter.java:107)
at com.framework.selenium.api.base.SeleniumBase.takeSnap(SeleniumBase.java:854)
at com.framework.utils.Reporter.reportStep(Reporter.java:80)
at com.framework.utils.Reporter.reportStep(Reporter.java:107)
at com.framework.selenium.api.base.SeleniumBase.takeSnap(SeleniumBase.java:854)
at com.framework.utils.Reporter.reportStep(Reporter.java:80)
at com.framework.utils.Reporter.reportStep(Reporter.java:107)
at com.framework.selenium.api.base.SeleniumBase.takeSnap(SeleniumBase.java:854)
at com.framework.utils.Reporter.reportStep(Reporter.java:80)
at com.framework.utils.Reporter.reportStep(Reporter.java:107)
at com.framework.selenium.api.base.SeleniumBase.takeSnap(SeleniumBase.java:854)
at com.framework.utils.Reporter.reportStep(Reporter.java:80)
at com.framework.utils.Reporter.reportStep(Reporter.java:107)
at com.framework.selenium.api.base.SeleniumBase.takeSnap(SeleniumBase.java:854)
at com.framework.utils.Reporter.reportStep(Reporter.java:80)
at com.framework.utils.Reporter.reportStep(Reporter.java:107)
at com.framework.selenium.api.base.SeleniumBase.takeSnap(SeleniumBase.java:854)
at com.framework.utils.Reporter.reportStep(Reporter.java:80)
at com.framework.utils.Reporter.reportStep(Reporter.java:107)
at com.framework.selenium.api.base.SeleniumBase.takeSnap(SeleniumBase.java:854)
at com.framework.utils.Reporter.reportStep(Reporter.java:80)
at com.framework.utils.Reporter.reportStep(Reporter.java:107)
at com.framework.selenium.api.base.SeleniumBase.takeSnap(SeleniumBase.java:854)
at com.framework.utils.Reporter.reportStep(Reporter.java:80)
at com.framework.utils.Reporter.reportStep(Reporter.java:107)
at com.framework.selenium.api.base.SeleniumBase.takeSnap(SeleniumBase.java:854)
at com.framework.utils.Reporter.reportStep(Reporter.java:80)
at com.framework.utils.Reporter.reportStep(Reporter.java:107)
at com.framework.selenium.api.base.SeleniumBase.takeSnap(SeleniumBase.java:854)
at com.framework.utils.Reporter.reportStep(Reporter.java:80)
at com.framework.utils.Reporter.reportStep(Reporter.java:107)
at com.framework.selenium.api.base.SeleniumBase.takeSnap(SeleniumBase.java:854)
at com.framework.utils.Reporter.reportStep(Reporter.java:80)
at com.framework.utils.Reporter.reportStep(Reporter.java:107)
at com.framework.selenium.api.base.SeleniumBase.takeSnap(SeleniumBase.java:854)
at com.framework.utils.Reporter.reportStep(Reporter.java:80)
at com.framework.utils.Reporter.reportStep(Reporter.java:107)
at com.framework.selenium.api.base.SeleniumBase.takeSnap(SeleniumBase.java:854)
at com.framework.utils.Reporter.reportStep(Reporter.java:80)
at com.framework.utils.Reporter.reportStep(Reporter.java:107)
at com.framework.selenium.api.base.SeleniumBase.takeSnap(SeleniumBase.java:854)
at com.framework.utils.Reporter.reportStep(Reporter.java:80)
at com.framework.utils.Reporter.reportStep(Reporter.java:107)
at com.framework.selenium.api.base.SeleniumBase.takeSnap(SeleniumBase.java:854)
at com.framework.utils.Reporter.reportStep(Reporter.java:80)
at com.framework.utils.Reporter.reportStep(Reporter.java:107)
at com.framework.selenium.api.base.SeleniumBase.takeSnap(SeleniumBase.java:854)
at com.framework.utils.Reporter.reportStep(Reporter.java:80)
at com.framework.utils.Reporter.reportStep(Reporter.java:107)
at com.framework.selenium.api.base.SeleniumBase.takeSnap(SeleniumBase.java:854)
at com.framework.utils.Reporter.reportStep(Reporter.java:80)
at com.framework.utils.Reporter.reportStep(Reporter.java:107)
at com.framework.selenium.api.base.SeleniumBase.takeSnap(SeleniumBase.java:854)
at com.framework.utils.Reporter.reportStep(Reporter.java:80)
at com.framework.utils.Reporter.reportStep(Reporter.java:107)
at com.framework.selenium.api.base.SeleniumBase.takeSnap(SeleniumBase.java:854)
at com.framework.utils.Reporter.reportStep(Reporter.java:80)
at com.framework.utils.Reporter.reportStep(Reporter.java:107)
at com.framework.selenium.api.base.SeleniumBase.takeSnap(SeleniumBase.java:854)
at com.framework.utils.Reporter.reportStep(Reporter.java:80)
at com.framework.utils.Reporter.reportStep(Reporter.java:107)
at com.framework.selenium.api.base.SeleniumBase.takeSnap(SeleniumBase.java:854)
at com.framework.utils.Reporter.reportStep(Reporter.java:80)
at com.framework.utils.Reporter.reportStep(Reporter.java:107)
at com.framework.selenium.api.base.SeleniumBase.takeSnap(SeleniumBase.java:854)
at com.framework.utils.Reporter.reportStep(Reporter.java:80)
at com.framework.utils.Reporter.reportStep(Reporter.java:107)
at com.framework.selenium.api.base.SeleniumBase.takeSnap(SeleniumBase.java:854)
at com.framework.utils.Reporter.reportStep(Reporter.java:80)
at com.framework.utils.Reporter.reportStep(Reporter.java:107)
at com.framework.selenium.api.base.SeleniumBase.takeSnap(SeleniumBase.java:854)
at com.framework.utils.Reporter.reportStep(Reporter.java:80)
at com.framework.utils.Reporter.reportStep(Reporter.java:107)
at com.framework.selenium.api.base.SeleniumBase.takeSnap(SeleniumBase.java:854)
at com.framework.utils.Reporter.reportStep(Reporter.java:80)
at com.framework.utils.Reporter.reportStep(Reporter.java:107)
at com.framework.selenium.api.base.SeleniumBase.takeSnap(SeleniumBase.java:854)
at com.framework.utils.Reporter.reportStep(Reporter.java:80)
at com.framework.utils.Reporter.reportStep(Reporter.java:107)
at com.framework.selenium.api.base.SeleniumBase.takeSnap(SeleniumBase.java:854)
at com.framework.utils.Reporter.reportStep(Reporter.java:80)
at com.framework.utils.Reporter.reportStep(Reporter.java:107)
at com.framework.selenium.api.base.SeleniumBase.takeSnap(SeleniumBase.java:854)
at com.framework.utils.Reporter.reportStep(Reporter.java:80)
at com.framework.utils.Reporter.reportStep(Reporter.java:107)
at com.framework.selenium.api.base.SeleniumBase.takeSnap(SeleniumBase.java:854)
at com.framework.utils.Reporter.reportStep(Reporter.java:80)
at com.framework.utils.Reporter.reportStep(Reporter.java:107)
at com.framework.selenium.api.base.SeleniumBase.takeSnap(SeleniumBase.java:854)
at com.framework.utils.Reporter.reportStep(Reporter.java:80)
at com.framework.utils.Reporter.reportStep(Reporter.java:107)
at com.framework.selenium.api.base.SeleniumBase.takeSnap(SeleniumBase.java:854)
at com.framework.utils.Reporter.reportStep(Reporter.java:80)
at com.framework.utils.Reporter.reportStep(Reporter.java:107)
at com.framework.selenium.api.base.SeleniumBase.takeSnap(SeleniumBase.java:854)
at com.framework.utils.Reporter.reportStep(Reporter.java:80)
at com.framework.utils.Reporter.reportStep(Reporter.java:107)
at com.framework.selenium.api.base.SeleniumBase.takeSnap(SeleniumBase.java:854)
at com.framework.utils.Reporter.reportStep(Reporter.java:80)
at com.framework.utils.Reporter.reportStep(Reporter.java:107)
at com.framework.selenium.api.base.SeleniumBase.takeSnap(SeleniumBase.java:854)
at com.framework.utils.Reporter.reportStep(Reporter.java:80)
at com.framework.utils.Reporter.reportStep(Reporter.java:107)
at com.framework.selenium.api.base.SeleniumBase.takeSnap(SeleniumBase.java:854)
at com.framework.utils.Reporter.reportStep(Reporter.java:80)
at com.framework.utils.Reporter.reportStep(Reporter.java:107)
at com.framework.selenium.api.base.SeleniumBase.takeSnap(SeleniumBase.java:854)
at com.framework.utils.Reporter.reportStep(Reporter.java:80)
at com.framework.utils.Reporter.reportStep(Reporter.java:107)
at com.framework.selenium.api.base.SeleniumBase.takeSnap(SeleniumBase.java:854)
at com.framework.utils.Reporter.reportStep(Reporter.java:80)
at com.framework.utils.Reporter.reportStep(Reporter.java:107)
at com.framework.selenium.api.base.SeleniumBase.takeSnap(SeleniumBase.java:854)
at com.framework.utils.Reporter.reportStep(Reporter.java:80)
at com.framework.utils.Reporter.reportStep(Reporter.java:107)
at com.framework.selenium.api.base.SeleniumBase.takeSnap(SeleniumBase.java:854)
at com.framework.utils.Reporter.reportStep(Reporter.java:80)
at com.framework.utils.Reporter.reportStep(Reporter.java:107)
at com.framework.selenium.api.base.SeleniumBase.takeSnap(SeleniumBase.java:854)
at com.framework.utils.Reporter.reportStep(Reporter.java:80)
at com.framework.utils.Reporter.reportStep(Reporter.java:107)
at com.framework.selenium.api.base.SeleniumBase.takeSnap(SeleniumBase.java:854)
at com.framework.utils.Reporter.reportStep(Reporter.java:80)
at com.framework.utils.Reporter.reportStep(Reporter.java:107)
at com.framework.selenium.api.base.SeleniumBase.takeSnap(SeleniumBase.java:854)
at com.framework.utils.Reporter.reportStep(Reporter.java:80)
at com.framework.utils.Reporter.reportStep(Reporter.java:107)
at com.framework.selenium.api.base.SeleniumBase.takeSnap(SeleniumBase.java:854)
at com.framework.utils.Reporter.reportStep(Reporter.java:80)
at com.framework.utils.Reporter.reportStep(Reporter.java:107)
at com.framework.selenium.api.base.SeleniumBase.takeSnap(SeleniumBase.java:854)
at com.framework.utils.Reporter.reportStep(Reporter.java:80)
at com.framework.utils.Reporter.reportStep(Reporter.java:107)
at com.framework.selenium.api.base.SeleniumBase.takeSnap(SeleniumBase.java:854)
at com.framework.utils.Reporter.reportStep(Reporter.java:80)
at com.framework.utils.Reporter.reportStep(Reporter.java:107)
at com.framework.selenium.api.base.SeleniumBase.takeSnap(SeleniumBase.java:854)
at com.framework.utils.Reporter.reportStep(Reporter.java:80)
at com.framework.utils.Reporter.reportStep(Reporter.java:107)
at com.framework.selenium.api.base.SeleniumBase.takeSnap(SeleniumBase.java:854)
at com.framework.utils.Reporter.reportStep(Reporter.java:80)
at com.framework.utils.Reporter.reportStep(Reporter.java:107)
at com.framework.selenium.api.base.SeleniumBase.takeSnap(SeleniumBase.java:854)
at com.framework.utils.Reporter.reportStep(Reporter.java:80)
at com.framework.utils.Reporter.reportStep(Reporter.java:107)
at com.framework.selenium.api.base.SeleniumBase.takeSnap(SeleniumBase.java:854)
at com.framework.utils.Reporter.reportStep(Reporter.java:80)
at com.framework.utils.Reporter.reportStep(Reporter.java:107)
at com.framework.selenium.api.base.SeleniumBase.takeSnap(SeleniumBase.java:854)
at com.framework.utils.Reporter.reportStep(Reporter.java:80)
at com.framework.utils.Reporter.reportStep(Reporter.java:107)
at com.framework.selenium.api.base.SeleniumBase.takeSnap(SeleniumBase.java:854)
at com.framework.utils.Reporter.reportStep(Reporter.java:80)
at com.framework.utils.Reporter.reportStep(Reporter.java:107)
at com.framework.selenium.api.base.SeleniumBase.takeSnap(SeleniumBase.java:854)
at com.framework.utils.Reporter.reportStep(Reporter.java:80)
at com.framework.utils.Reporter.reportStep(Reporter.java:107)
at com.framework.selenium.api.base.SeleniumBase.takeSnap(SeleniumBase.java:854)
at com.framework.utils.Reporter.reportStep(Reporter.java:80)
at com.framework.utils.Reporter.reportStep(Reporter.java:107)
at com.framework.selenium.api.base.SeleniumBase.takeSnap(SeleniumBase.java:854)
at com.framework.utils.Reporter.reportStep(Reporter.java:80)
at com.framework.utils.Reporter.reportStep(Reporter.java:107)
at com.framework.selenium.api.base.SeleniumBase.takeSnap(SeleniumBase.java:854)
at com.framework.utils.Reporter.reportStep(Reporter.java:80)
at com.framework.utils.Reporter.reportStep(Reporter.java:107)
at com.framework.selenium.api.base.SeleniumBase.takeSnap(SeleniumBase.java:854)
at com.framework.utils.Reporter.reportStep(Reporter.java:80)
at com.framework.utils.Reporter.reportStep(Reporter.java:107)
at com.framework.selenium.api.base.SeleniumBase.takeSnap(SeleniumBase.java:854)
at com.framework.utils.Reporter.reportStep(Reporter.java:80)
at com.framework.utils.Reporter.reportStep(Reporter.java:107)
at com.framework.selenium.api.base.SeleniumBase.takeSnap(SeleniumBase.java:854)
at com.framework.utils.Reporter.reportStep(Reporter.java:80)
at com.framework.utils.Reporter.reportStep(Reporter.java:107)
at com.framework.selenium.api.base.SeleniumBase.takeSnap(SeleniumBase.java:854)
at com.framework.utils.Reporter.reportStep(Reporter.java:80)
at com.framework.utils.Reporter.reportStep(Reporter.java:107)
at com.framework.selenium.api.base.SeleniumBase.takeSnap(SeleniumBase.java:854)
at com.framework.utils.Reporter.reportStep(Reporter.java:80)
at com.framework.utils.Reporter.reportStep(Reporter.java:107)
at com.framework.selenium.api.base.SeleniumBase.takeSnap(SeleniumBase.java:854)
at com.framework.utils.Reporter.reportStep(Reporter.java:80)
at com.framework.utils.Reporter.reportStep(Reporter.java:107)
at com.framework.selenium.api.base.SeleniumBase.takeSnap(SeleniumBase.java:854)
at com.framework.utils.Reporter.reportStep(Reporter.java:80)
at com.framework.utils.Reporter.reportStep(Reporter.java:107)
at com.framework.selenium.api.base.SeleniumBase.takeSnap(SeleniumBase.java:854)
at com.framework.utils.Reporter.reportStep(Reporter.java:80)
at com.framework.utils.Reporter.reportStep(Reporter.java:107)
at com.framework.selenium.api.base.SeleniumBase.takeSnap(SeleniumBase.java:854)
at com.framework.utils.Reporter.reportStep(Reporter.java:80)
at com.framework.utils.Reporter.reportStep(Reporter.java:107)
at com.framework.selenium.api.base.SeleniumBase.takeSnap(SeleniumBase.java:854)
at com.framework.utils.Reporter.reportStep(Reporter.java:80)
at com.framework.utils.Reporter.reportStep(Reporter.java:107)
at com.framework.selenium.api.base.SeleniumBase.takeSnap(SeleniumBase.java:854)
at com.framework.utils.Reporter.reportStep(Reporter.java:80)
at com.framework.utils.Reporter.reportStep(Reporter.java:107)
at com.framework.selenium.api.base.SeleniumBase.takeSnap(SeleniumBase.java:854)
at com.framework.utils.Reporter.reportStep(Reporter.java:80)
at com.framework.utils.Reporter.reportStep(Reporter.java:107)
at com.framework.selenium.api.base.SeleniumBase.takeSnap(SeleniumBase.java:854)
at com.framework.utils.Reporter.reportStep(Reporter.java:80)
at com.framework.utils.Reporter.reportStep(Reporter.java:107)
at com.framework.selenium.api.base.SeleniumBase.takeSnap(SeleniumBase.java:854)
at com.framework.utils.Reporter.reportStep(Reporter.java:80)
at com.framework.utils.Reporter.reportStep(Reporter.java:107)
at com.framework.selenium.api.base.SeleniumBase.takeSnap(SeleniumBase.java:854)
at com.framework.utils.Reporter.reportStep(Reporter.java:80)
at com.framework.utils.Reporter.reportStep(Reporter.java:107)
at com.framework.selenium.api.base.SeleniumBase.takeSnap(SeleniumBase.java:854)
at com.framework.utils.Reporter.reportStep(Reporter.java:80)
at com.framework.utils.Reporter.reportStep(Reporter.java:107)
at com.framework.selenium.api.base.SeleniumBase.takeSnap(SeleniumBase.java:854)
at com.framework.utils.Reporter.reportStep(Reporter.java:80)
at com.framework.utils.Reporter.reportStep(Reporter.java:107)
at com.framework.selenium.api.base.SeleniumBase.takeSnap(SeleniumBase.java:854)
at com.framework.utils.Reporter.reportStep(Reporter.java:80)
at com.framework.utils.Reporter.reportStep(Reporter.java:107)
at com.framework.selenium.api.base.SeleniumBase.takeSnap(SeleniumBase.java:854)
at com.framework.utils.Reporter.reportStep(Reporter.java:80)
at com.framework.utils.Reporter.reportStep(Reporter.java:107)
at com.framework.selenium.api.base.SeleniumBase.takeSnap(SeleniumBase.java:854)
at com.framework.utils.Reporter.reportStep(Reporter.java:80)
at com.framework.utils.Reporter.reportStep(Reporter.java:107)
at com.framework.selenium.api.base.SeleniumBase.takeSnap(SeleniumBase.java:854)
at com.framework.utils.Reporter.reportStep(Reporter.java:80)
at com.framework.utils.Reporter.reportStep(Reporter.java:107)
at com.framework.selenium.api.base.SeleniumBase.takeSnap(SeleniumBase.java:854)
at com.framework.utils.Reporter.reportStep(Reporter.java:80)
at com.framework.utils.Reporter.reportStep(Reporter.java:107)
at com.framework.selenium.api.base.SeleniumBase.takeSnap(SeleniumBase.java:854)
at com.framework.utils.Reporter.reportStep(Reporter.java:80)
at com.framework.utils.Reporter.reportStep(Reporter.java:107)
at com.framework.selenium.api.base.SeleniumBase.takeSnap(SeleniumBase.java:854)
at com.framework.utils.Reporter.reportStep(Reporter.java:80)
at com.framework.utils.Reporter.reportStep(Reporter.java:107)
at com.framework.selenium.api.base.SeleniumBase.takeSnap(SeleniumBase.java:854)
at com.framework.utils.Reporter.reportStep(Reporter.java:80)
at com.framework.utils.Reporter.reportStep(Reporter.java:107)
at com.framework.selenium.api.base.SeleniumBase.takeSnap(SeleniumBase.java:854)
at com.framework.utils.Reporter.reportStep(Reporter.java:80)
at com.framework.utils.Reporter.reportStep(Reporter.java:107)
at com.framework.selenium.api.base.SeleniumBase.takeSnap(SeleniumBase.java:854)
at com.framework.utils.Reporter.reportStep(Reporter.java:80)
at com.framework.utils.Reporter.reportStep(Reporter.java:107)
at com.framework.selenium.api.base.SeleniumBase.takeSnap(SeleniumBase.java:854)
at com.framework.utils.Reporter.reportStep(Reporter.java:80)
at com.framework.utils.Reporter.reportStep(Reporter.java:107)
at com.framework.selenium.api.base.SeleniumBase.takeSnap(SeleniumBase.java:854)
at com.framework.utils.Reporter.reportStep(Reporter.java:80)
at com.framework.utils.Reporter.reportStep(Reporter.java:107)
at com.framework.selenium.api.base.SeleniumBase.takeSnap(SeleniumBase.java:854)
at com.framework.utils.Reporter.reportStep(Reporter.java:80)
at com.framework.utils.Reporter.reportStep(Reporter.java:107)
at com.framework.selenium.api.base.SeleniumBase.takeSnap(SeleniumBase.java:854)
at com.framework.utils.Reporter.reportStep(Reporter.java:80)
at com.framework.utils.Reporter.reportStep(Reporter.java:107)
at com.framework.selenium.api.base.SeleniumBase.takeSnap(SeleniumBase.java:854)
at com.framework.utils.Reporter.reportStep(Reporter.java:80)
at com.framework.utils.Reporter.reportStep(Reporter.java:107)
at com.framework.selenium.api.base.SeleniumBase.takeSnap(SeleniumBase.java:854)
at com.framework.utils.Reporter.reportStep(Reporter.java:80)
at com.framework.utils.Reporter.reportStep(Reporter.java:107)
at com.framework.selenium.api.base.SeleniumBase.takeSnap(SeleniumBase.java:854)
at com.framework.utils.Reporter.reportStep(Reporter.java:80)
at com.framework.utils.Reporter.reportStep(Reporter.java:107)
at com.framework.selenium.api.base.SeleniumBase.takeSnap(SeleniumBase.java:854)
at com.framework.utils.Reporter.reportStep(Reporter.java:80)
at com.framework.utils.Reporter.reportStep(Reporter.java:107)
at com.framework.selenium.api.base.SeleniumBase.takeSnap(SeleniumBase.java:854)
at com.framework.utils.Reporter.reportStep(Reporter.java:80)
at com.framework.utils.Reporter.reportStep(Reporter.java:107)
at com.framework.selenium.api.base.SeleniumBase.takeSnap(SeleniumBase.java:854)
at com.framework.utils.Reporter.reportStep(Reporter.java:80)
at com.framework.utils.Reporter.reportStep(Reporter.java:107)
at com.framework.selenium.api.base.SeleniumBase.takeSnap(SeleniumBase.java:854)
at com.framework.utils.Reporter.reportStep(Reporter.java:80)
at com.framework.utils.Reporter.reportStep(Reporter.java:107)
at com.framework.selenium.api.base.SeleniumBase.takeSnap(SeleniumBase.java:854)
at com.framework.utils.Reporter.reportStep(Reporter.java:80)
at com.framework.utils.Reporter.reportStep(Reporter.java:107)
at com.framework.selenium.api.base.SeleniumBase.takeSnap(SeleniumBase.java:854)
at com.framework.utils.Reporter.reportStep(Reporter.java:80)
at com.framework.utils.Reporter.reportStep(Reporter.java:107)
at com.framework.selenium.api.base.SeleniumBase.takeSnap(SeleniumBase.java:854)
at com.framework.utils.Reporter.reportStep(Reporter.java:80)
at com.framework.utils.Reporter.reportStep(Reporter.java:107)
at com.framework.selenium.api.base.SeleniumBase.takeSnap(SeleniumBase.java:854)
at com.framework.utils.Reporter.reportStep(Reporter.java:80)
at com.framework.utils.Reporter.reportStep(Reporter.java:107)
at com.framework.selenium.api.base.SeleniumBase.takeSnap(SeleniumBase.java:854)
at com.framework.utils.Reporter.reportStep(Reporter.java:80)
at com.framework.utils.Reporter.reportStep(Reporter.java:107)
at com.framework.selenium.api.base.SeleniumBase.takeSnap(SeleniumBase.java:854)
at com.framework.utils.Reporter.reportStep(Reporter.java:80)
at com.framework.utils.Reporter.reportStep(Reporter.java:107)
at com.framework.selenium.api.base.SeleniumBase.takeSnap(SeleniumBase.java:854)
at com.framework.utils.Reporter.reportStep(Reporter.java:80)
at com.framework.utils.Reporter.reportStep(Reporter.java:107)
at com.framework.selenium.api.base.SeleniumBase.takeSnap(SeleniumBase.java:854)
at com.framework.utils.Reporter.reportStep(Reporter.java:80)
at com.framework.utils.Reporter.reportStep(Reporter.java:107)
at com.framework.selenium.api.base.SeleniumBase.takeSnap(SeleniumBase.java:854)
at com.framework.utils.Reporter.reportStep(Reporter.java:80)
at com.framework.utils.Reporter.reportStep(Reporter.java:107)
at com.framework.selenium.api.base.SeleniumBase.takeSnap(SeleniumBase.java:854)
at com.framework.utils.Reporter.reportStep(Reporter.java:80)
at com.framework.utils.Reporter.reportStep(Reporter.java:107)
at com.framework.selenium.api.base.SeleniumBase.takeSnap(SeleniumBase.java:854)
at com.framework.utils.Reporter.reportStep(Reporter.java:80)
at com.framework.utils.Reporter.reportStep(Reporter.java:107)
at com.framework.selenium.api.base.SeleniumBase.takeSnap(SeleniumBase.java:854)
at com.framework.utils.Reporter.reportStep(Reporter.java:80)
at com.framework.utils.Reporter.reportStep(Reporter.java:107)
at com.framework.selenium.api.base.SeleniumBase.takeSnap(SeleniumBase.java:854)
at com.framework.utils.Reporter.reportStep(Reporter.java:80)
at com.framework.utils.Reporter.reportStep(Reporter.java:107)
at com.framework.selenium.api.base.SeleniumBase.takeSnap(SeleniumBase.java:854)
at com.framework.utils.Reporter.reportStep(Reporter.java:80)
at com.framework.utils.Reporter.reportStep(Reporter.java:107)
at com.framework.selenium.api.base.SeleniumBase.takeSnap(SeleniumBase.java:854)
at com.framework.utils.Reporter.reportStep(Reporter.java:80)
at com.framework.utils.Reporter.reportStep(Reporter.java:107)
at com.framework.selenium.api.base.SeleniumBase.takeSnap(SeleniumBase.java:854)
at com.framework.utils.Reporter.reportStep(Reporter.java:80)
at com.framework.utils.Reporter.reportStep(Reporter.java:107)
at com.framework.selenium.api.base.SeleniumBase.takeSnap(SeleniumBase.java:854)
at com.framework.utils.Reporter.reportStep(Reporter.java:80)
at com.framework.utils.Reporter.reportStep(Reporter.java:107)
at com.framework.selenium.api.base.SeleniumBase.takeSnap(SeleniumBase.java:854)
at com.framework.utils.Reporter.reportStep(Reporter.java:80)
at com.framework.utils.Reporter.reportStep(Reporter.java:107)
at com.framework.selenium.api.base.SeleniumBase.takeSnap(SeleniumBase.java:854)
at com.framework.utils.Reporter.reportStep(Reporter.java:80)
at com.framework.utils.Reporter.reportStep(Reporter.java:107)
at com.framework.selenium.api.base.SeleniumBase.takeSnap(SeleniumBase.java:854)
at com.framework.utils.Reporter.reportStep(Reporter.java:80)
at com.framework.utils.Reporter.reportStep(Reporter.java:107)
at com.framework.selenium.api.base.SeleniumBase.takeSnap(SeleniumBase.java:854)
at com.framework.utils.Reporter.reportStep(Reporter.java:80)
at com.framework.utils.Reporter.reportStep(Reporter.java:107)
at com.framework.selenium.api.base.SeleniumBase.takeSnap(SeleniumBase.java:854)
at com.framework.utils.Reporter.reportStep(Reporter.java:80)
at com.framework.utils.Reporter.reportStep(Reporter.java:107)
at com.framework.selenium.api.base.SeleniumBase.takeSnap(SeleniumBase.java:854)
at com.framework.utils.Reporter.reportStep(Reporter.java:80)
at com.framework.utils.Reporter.reportStep(Reporter.java:107)
at com.framework.selenium.api.base.SeleniumBase.takeSnap(SeleniumBase.java:854)
at com.framework.utils.Reporter.reportStep(Reporter.java:80)
at com.framework.utils.Reporter.reportStep(Reporter.java:107)
at com.framework.selenium.api.base.SeleniumBase.takeSnap(SeleniumBase.java:854)
at com.framework.utils.Reporter.reportStep(Reporter.java:80)
at com.framework.utils.Reporter.reportStep(Reporter.java:107)
at com.framework.selenium.api.base.SeleniumBase.takeSnap(SeleniumBase.java:854)
at com.framework.utils.Reporter.reportStep(Reporter.java:80)
at com.framework.utils.Reporter.reportStep(Reporter.java:107)
at com.framework.selenium.api.base.SeleniumBase.takeSnap(SeleniumBase.java:854)
at com.framework.utils.Reporter.reportStep(Reporter.java:80)
at com.framework.utils.Reporter.reportStep(Reporter.java:107)
]]>
            </full-stacktrace>
          </exception> <!-- java.lang.StackOverflowError -->
          <reporter-output>
          </reporter-output>
        </test-method> <!-- preCondition -->
        <test-method signature="runCart(java.lang.String, java.lang.String, java.lang.String, java.lang.String, java.lang.String)[pri:0, instance:com.opencart.testcases.TC001_ConfirmOrder@54c5a2ff]" started-at="2023-05-22T11:58:49 IST" name="runCart" data-provider="fetchData" finished-at="2023-05-22T11:58:49 IST" duration-ms="0" status="SKIP">
          <params>
            <param index="0">
              <value>
                <![CDATA[iMac]]>
              </value>
            </param>
            <param index="1">
              <value>
                <![CDATA[Chennai]]>
              </value>
            </param>
            <param index="2">
              <value>
                <![CDATA[India]]>
              </value>
            </param>
            <param index="3">
              <value>
                <![CDATA[629001]]>
              </value>
            </param>
            <param index="4">
              <value>
                <![CDATA[Tamil Nadu]]>
              </value>
            </param>
          </params>
          <exception class="java.lang.StackOverflowError">
            <full-stacktrace>
              <![CDATA[java.lang.StackOverflowError
at java.base/java.util.regex.Pattern$Branch.match(Pattern.java:4746)
at java.base/java.util.regex.Pattern$BranchConn.match(Pattern.java:4710)
at java.base/java.util.regex.Pattern$GroupTail.match(Pattern.java:4832)
at java.base/java.util.regex.Pattern$BmpCharPropertyGreedy.match(Pattern.java:4341)
at java.base/java.util.regex.Pattern$GroupHead.match(Pattern.java:4801)
at java.base/java.util.regex.Pattern$Branch.match(Pattern.java:4746)
at java.base/java.util.regex.Pattern$Branch.match(Pattern.java:4744)
at java.base/java.util.regex.Pattern$BmpCharProperty.match(Pattern.java:3967)
at java.base/java.util.regex.Pattern$Start.match(Pattern.java:3620)
at java.base/java.util.regex.Matcher.search(Matcher.java:1728)
at java.base/java.util.regex.Matcher.find(Matcher.java:772)
at java.base/java.util.Formatter.parse(Formatter.java:2718)
at java.base/java.util.Formatter.format(Formatter.java:2671)
at java.base/java.util.Formatter.format(Formatter.java:2625)
at java.base/java.lang.String.format(String.java:3290)
at org.openqa.selenium.SharedCapabilitiesMethods.lambda$abbreviate$6(SharedCapabilitiesMethods.java:107)
at java.base/java.util.stream.ReferencePipeline$3$1.accept(ReferencePipeline.java:197)
at java.base/java.util.stream.SortedOps$SizedRefSortingSink.end(SortedOps.java:357)
at java.base/java.util.stream.AbstractPipeline.copyInto(AbstractPipeline.java:485)
at java.base/java.util.stream.AbstractPipeline.wrapAndCopyInto(AbstractPipeline.java:474)
at java.base/java.util.stream.ReduceOps$ReduceOp.evaluateSequential(ReduceOps.java:913)
at java.base/java.util.stream.AbstractPipeline.evaluate(AbstractPipeline.java:234)
at java.base/java.util.stream.ReferencePipeline.collect(ReferencePipeline.java:682)
at org.openqa.selenium.SharedCapabilitiesMethods.abbreviate(SharedCapabilitiesMethods.java:108)
at org.openqa.selenium.SharedCapabilitiesMethods.lambda$abbreviate$6(SharedCapabilitiesMethods.java:107)
at java.base/java.util.stream.ReferencePipeline$3$1.accept(ReferencePipeline.java:197)
at java.base/java.util.stream.SortedOps$SizedRefSortingSink.end(SortedOps.java:357)
at java.base/java.util.stream.AbstractPipeline.copyInto(AbstractPipeline.java:485)
at java.base/java.util.stream.AbstractPipeline.wrapAndCopyInto(AbstractPipeline.java:474)
at java.base/java.util.stream.ReduceOps$ReduceOp.evaluateSequential(ReduceOps.java:913)
at java.base/java.util.stream.AbstractPipeline.evaluate(AbstractPipeline.java:234)
at java.base/java.util.stream.ReferencePipeline.collect(ReferencePipeline.java:682)
at org.openqa.selenium.SharedCapabilitiesMethods.abbreviate(SharedCapabilitiesMethods.java:108)
at org.openqa.selenium.SharedCapabilitiesMethods.toString(SharedCapabilitiesMethods.java:78)
at org.openqa.selenium.ImmutableCapabilities.toString(ImmutableCapabilities.java:195)
at org.openqa.selenium.remote.RemoteWebDriver.populateWebDriverException(RemoteWebDriver.java:593)
at org.openqa.selenium.remote.RemoteWebDriver.execute(RemoteWebDriver.java:570)
at org.openqa.selenium.remote.RemoteWebDriver.execute(RemoteWebDriver.java:598)
at org.openqa.selenium.remote.RemoteWebDriver.execute(RemoteWebDriver.java:602)
at org.openqa.selenium.remote.RemoteWebDriver.getScreenshotAs(RemoteWebDriver.java:318)
at com.framework.selenium.api.base.SeleniumBase.takeSnap(SeleniumBase.java:851)
at com.framework.utils.Reporter.reportStep(Reporter.java:80)
at com.framework.utils.Reporter.reportStep(Reporter.java:107)
at com.framework.selenium.api.base.SeleniumBase.takeSnap(SeleniumBase.java:854)
at com.framework.utils.Reporter.reportStep(Reporter.java:80)
at com.framework.utils.Reporter.reportStep(Reporter.java:107)
at com.framework.selenium.api.base.SeleniumBase.takeSnap(SeleniumBase.java:854)
at com.framework.utils.Reporter.reportStep(Reporter.java:80)
at com.framework.utils.Reporter.reportStep(Reporter.java:107)
at com.framework.selenium.api.base.SeleniumBase.takeSnap(SeleniumBase.java:854)
at com.framework.utils.Reporter.reportStep(Reporter.java:80)
at com.framework.utils.Reporter.reportStep(Reporter.java:107)
at com.framework.selenium.api.base.SeleniumBase.takeSnap(SeleniumBase.java:854)
at com.framework.utils.Reporter.reportStep(Reporter.java:80)
at com.framework.utils.Reporter.reportStep(Reporter.java:107)
at com.framework.selenium.api.base.SeleniumBase.takeSnap(SeleniumBase.java:854)
at com.framework.utils.Reporter.reportStep(Reporter.java:80)
at com.framework.utils.Reporter.reportStep(Reporter.java:107)
at com.framework.selenium.api.base.SeleniumBase.takeSnap(SeleniumBase.java:854)
at com.framework.utils.Reporter.reportStep(Reporter.java:80)
at com.framework.utils.Reporter.reportStep(Reporter.java:107)
at com.framework.selenium.api.base.SeleniumBase.takeSnap(SeleniumBase.java:854)
at com.framework.utils.Reporter.reportStep(Reporter.java:80)
at com.framework.utils.Reporter.reportStep(Reporter.java:107)
at com.framework.selenium.api.base.SeleniumBase.takeSnap(SeleniumBase.java:854)
[...]
at com.framework.selenium.api.base.SeleniumBase.takeSnap(SeleniumBase.java:854)
at com.framework.utils.Reporter.reportStep(Reporter.java:80)
at com.framework.utils.Reporter.reportStep(Reporter.java:107)
at com.framework.selenium.api.base.SeleniumBase.takeSnap(SeleniumBase.java:854)
at com.framework.utils.Reporter.reportStep(Reporter.java:80)
at com.framework.utils.Reporter.reportStep(Reporter.java:107)
at com.framework.selenium.api.base.SeleniumBase.takeSnap(SeleniumBase.java:854)
at com.framework.utils.Reporter.reportStep(Reporter.java:80)
at com.framework.utils.Reporter.reportStep(Reporter.java:107)
at com.framework.selenium.api.base.SeleniumBase.takeSnap(SeleniumBase.java:854)
at com.framework.utils.Reporter.reportStep(Reporter.java:80)
at com.framework.utils.Reporter.reportStep(Reporter.java:107)
at com.framework.selenium.api.base.SeleniumBase.takeSnap(SeleniumBase.java:854)
at com.framework.utils.Reporter.reportStep(Reporter.java:80)
at com.framework.utils.Reporter.reportStep(Reporter.java:107)
at com.framework.selenium.api.base.SeleniumBase.takeSnap(SeleniumBase.java:854)
at com.framework.utils.Reporter.reportStep(Reporter.java:80)
at com.framework.utils.Reporter.reportStep(Reporter.java:107)
at com.framework.selenium.api.base.SeleniumBase.takeSnap(SeleniumBase.java:854)
at com.framework.utils.Reporter.reportStep(Reporter.java:80)
at com.framework.utils.Reporter.reportStep(Reporter.java:107)
at com.framework.selenium.api.base.SeleniumBase.takeSnap(SeleniumBase.java:854)
at com.framework.utils.Reporter.reportStep(Reporter.java:80)
at com.framework.utils.Reporter.reportStep(Reporter.java:107)
at com.framework.selenium.api.base.SeleniumBase.takeSnap(SeleniumBase.java:854)
at com.framework.utils.Reporter.reportStep(Reporter.java:80)
at com.framework.utils.Reporter.reportStep(Reporter.java:107)
at com.framework.selenium.api.base.SeleniumBase.takeSnap(SeleniumBase.java:854)
at com.framework.utils.Reporter.reportStep(Reporter.java:80)
at com.framework.utils.Reporter.reportStep(Reporter.java:107)
at com.framework.selenium.api.base.SeleniumBase.takeSnap(SeleniumBase.java:854)
at com.framework.utils.Reporter.reportStep(Reporter.java:80)
at com.framework.utils.Reporter.reportStep(Reporter.java:107)
at com.framework.selenium.api.base.SeleniumBase.takeSnap(SeleniumBase.java:854)
at com.framework.utils.Reporter.reportStep(Reporter.java:80)
at com.framework.utils.Reporter.reportStep(Reporter.java:107)
at com.framework.selenium.api.base.SeleniumBase.takeSnap(SeleniumBase.java:854)
at com.framework.utils.Reporter.reportStep(Reporter.java:80)
at com.framework.utils.Reporter.reportStep(Reporter.java:107)
at com.framework.selenium.api.base.SeleniumBase.takeSnap(SeleniumBase.java:854)
at com.framework.utils.Reporter.reportStep(Reporter.java:80)
at com.framework.utils.Reporter.reportStep(Reporter.java:107)
at com.framework.selenium.api.base.SeleniumBase.takeSnap(SeleniumBase.java:854)
at com.framework.utils.Reporter.reportStep(Reporter.java:80)
at com.framework.utils.Reporter.reportStep(Reporter.java:107)
at com.framework.selenium.api.base.SeleniumBase.takeSnap(SeleniumBase.java:854)
at com.framework.utils.Reporter.reportStep(Reporter.java:80)
at com.framework.utils.Reporter.reportStep(Reporter.java:107)
at com.framework.selenium.api.base.SeleniumBase.takeSnap(SeleniumBase.java:854)
at com.framework.utils.Reporter.reportStep(Reporter.java:80)
at com.framework.utils.Reporter.reportStep(Reporter.java:107)
at com.framework.selenium.api.base.SeleniumBase.takeSnap(SeleniumBase.java:854)
at com.framework.utils.Reporter.reportStep(Reporter.java:80)
at com.framework.utils.Reporter.reportStep(Reporter.java:107)
at com.framework.selenium.api.base.SeleniumBase.takeSnap(SeleniumBase.java:854)
at com.framework.utils.Reporter.reportStep(Reporter.java:80)
at com.framework.utils.Reporter.reportStep(Reporter.java:107)
at com.framework.selenium.api.base.SeleniumBase.takeSnap(SeleniumBase.java:854)
at com.framework.utils.Reporter.reportStep(Reporter.java:80)
at com.framework.utils.Reporter.reportStep(Reporter.java:107)
at com.framework.selenium.api.base.SeleniumBase.takeSnap(SeleniumBase.java:854)
at com.framework.utils.Reporter.reportStep(Reporter.java:80)
at com.framework.utils.Reporter.reportStep(Reporter.java:107)
at com.framework.selenium.api.base.SeleniumBase.takeSnap(SeleniumBase.java:854)
at com.framework.utils.Reporter.reportStep(Reporter.java:80)
at com.framework.utils.Reporter.reportStep(Reporter.java:107)
at com.framework.selenium.api.base.SeleniumBase.takeSnap(SeleniumBase.java:854)
at com.framework.utils.Reporter.reportStep(Reporter.java:80)
at com.framework.utils.Reporter.reportStep(Reporter.java:107)
at com.framework.selenium.api.base.SeleniumBase.takeSnap(SeleniumBase.java:854)
at com.framework.utils.Reporter.reportStep(Reporter.java:80)
at com.framework.utils.Reporter.reportStep(Reporter.java:107)
at com.framework.selenium.api.base.SeleniumBase.takeSnap(SeleniumBase.java:854)
at com.framework.utils.Reporter.reportStep(Reporter.java:80)
at com.framework.utils.Reporter.reportStep(Reporter.java:107)
at com.framework.selenium.api.base.SeleniumBase.takeSnap(SeleniumBase.java:854)
at com.framework.utils.Reporter.reportStep(Reporter.java:80)
at com.framework.utils.Reporter.reportStep(Reporter.java:107)
at com.framework.selenium.api.base.SeleniumBase.takeSnap(SeleniumBase.java:854)
at com.framework.utils.Reporter.reportStep(Reporter.java:80)
at com.framework.utils.Reporter.reportStep(Reporter.java:107)
at com.framework.selenium.api.base.SeleniumBase.takeSnap(SeleniumBase.java:854)
at com.framework.utils.Reporter.reportStep(Reporter.java:80)
at com.framework.utils.Reporter.reportStep(Reporter.java:107)
at com.framework.selenium.api.base.SeleniumBase.takeSnap(SeleniumBase.java:854)
at com.framework.utils.Reporter.reportStep(Reporter.java:80)
at com.framework.utils.Reporter.reportStep(Reporter.java:107)
at com.framework.selenium.api.base.SeleniumBase.takeSnap(SeleniumBase.java:854)
at com.framework.utils.Reporter.reportStep(Reporter.java:80)
at com.framework.utils.Reporter.reportStep(Reporter.java:107)
at com.framework.selenium.api.base.SeleniumBase.takeSnap(SeleniumBase.java:854)
at com.framework.utils.Reporter.reportStep(Reporter.java:80)
at com.framework.utils.Reporter.reportStep(Reporter.java:107)
at com.framework.selenium.api.base.SeleniumBase.takeSnap(SeleniumBase.java:854)
at com.framework.utils.Reporter.reportStep(Reporter.java:80)
at com.framework.utils.Reporter.reportStep(Reporter.java:107)
at com.framework.selenium.api.base.SeleniumBase.takeSnap(SeleniumBase.java:854)
at com.framework.utils.Reporter.reportStep(Reporter.java:80)
at com.framework.utils.Reporter.reportStep(Reporter.java:107)
at com.framework.selenium.api.base.SeleniumBase.takeSnap(SeleniumBase.java:854)
at com.framework.utils.Reporter.reportStep(Reporter.java:80)
at com.framework.utils.Reporter.reportStep(Reporter.java:107)
at com.framework.selenium.api.base.SeleniumBase.takeSnap(SeleniumBase.java:854)
at com.framework.utils.Reporter.reportStep(Reporter.java:80)
at com.framework.utils.Reporter.reportStep(Reporter.java:107)
at com.framework.selenium.api.base.SeleniumBase.takeSnap(SeleniumBase.java:854)
at com.framework.utils.Reporter.reportStep(Reporter.java:80)
at com.framework.utils.Reporter.reportStep(Reporter.java:107)
at com.framework.selenium.api.base.SeleniumBase.takeSnap(SeleniumBase.java:854)
at com.framework.utils.Reporter.reportStep(Reporter.java:80)
at com.framework.utils.Reporter.reportStep(Reporter.java:107)
at com.framework.selenium.api.base.SeleniumBase.takeSnap(SeleniumBase.java:854)
at com.framework.utils.Reporter.reportStep(Reporter.java:80)
at com.framework.utils.Reporter.reportStep(Reporter.java:107)
at com.framework.selenium.api.base.SeleniumBase.takeSnap(SeleniumBase.java:854)
at com.framework.utils.Reporter.reportStep(Reporter.java:80)
at com.framework.utils.Reporter.reportStep(Reporter.java:107)
at com.framework.selenium.api.base.SeleniumBase.takeSnap(SeleniumBase.java:854)
at com.framework.utils.Reporter.reportStep(Reporter.java:80)
at com.framework.utils.Reporter.reportStep(Reporter.java:107)
at com.framework.selenium.api.base.SeleniumBase.takeSnap(SeleniumBase.java:854)
at com.framework.utils.Reporter.reportStep(Reporter.java:80)
at com.framework.utils.Reporter.reportStep(Reporter.java:107)
at com.framework.selenium.api.base.SeleniumBase.takeSnap(SeleniumBase.java:854)
at com.framework.utils.Reporter.reportStep(Reporter.java:80)
at com.framework.utils.Reporter.reportStep(Reporter.java:107)
at com.framework.selenium.api.base.SeleniumBase.takeSnap(SeleniumBase.java:854)
at com.framework.utils.Reporter.reportStep(Reporter.java:80)
at com.framework.utils.Reporter.reportStep(Reporter.java:107)
]]>
            </full-stacktrace>
          </exception> <!-- java.lang.StackOverflowError -->
          <reporter-output>
          </reporter-output>
        </test-method> <!-- runCart -->
        <test-method is-config="true" signature="postCondition()[pri:0, instance:com.opencart.testcases.TC001_ConfirmOrder@54c5a2ff]" started-at="2023-05-22T11:58:50 IST" name="postCondition" finished-at="1970-01-01T05:30:00 IST" duration-ms="-1684736930172" status="SKIP">
          <reporter-output>
          </reporter-output>
        </test-method> <!-- postCondition -->
        <test-method is-config="true" signature="tearDownClass()[pri:0, instance:com.opencart.testcases.TC001_ConfirmOrder@54c5a2ff]" started-at="2023-05-22T11:58:50 IST" name="tearDownClass" finished-at="2023-05-22T11:58:50 IST" duration-ms="24" status="PASS">
          <reporter-output>
          </reporter-output>
        </test-method> <!-- tearDownClass -->
        <test-method is-config="true" signature="endResult()[pri:0, instance:com.opencart.testcases.TC001_ConfirmOrder@54c5a2ff]" started-at="2023-05-22T11:58:53 IST" name="endResult" finished-at="2023-05-22T11:58:53 IST" duration-ms="177" status="FAIL">
          <exception class="org.openqa.selenium.WebDriverException">
            <message>
              <![CDATA[Timed out waiting for driver server to stop.
Build info: version: '4.8.2', revision: '826dbfc730'
System info: os.name: 'Windows 10', os.arch: 'amd64', os.version: '10.0', java.version: '16.0.1'
Driver info: org.openqa.selenium.chrome.ChromeDriver
Command: [710ca2a4a5edf2d4480af7a5611ef6e6, quit {}]
Capabilities {acceptInsecureCerts: false, browserName: chrome, browserVersion: 113.0.5672.127, chrome: {chromedriverVersion: 113.0.5672.63 (0e1a4471d5ae..., userDataDir: C:\Users\admin\AppData\Loca...}, goog:chromeOptions: {debuggerAddress: localhost:65300}, networkConnectionEnabled: false, pageLoadStrategy: normal, platformName: WINDOWS, proxy: Proxy(), se:cdp: ws://localhost:65300/devtoo..., se:cdpVersion: 113.0.5672.127, setWindowRect: true, strictFileInteractability: false, timeouts: {implicit: 0, pageLoad: 300000, script: 30000}, unhandledPromptBehavior: dismiss and notify, webauthn:extension:credBlob: true, webauthn:extension:largeBlob: true, webauthn:extension:minPinLength: true, webauthn:extension:prf: true, webauthn:virtualAuthenticators: true}
Session ID: 710ca2a4a5edf2d4480af7a5611ef6e6]]>
            </message>
            <full-stacktrace>
              <![CDATA[org.openqa.selenium.WebDriverException: Timed out waiting for driver server to stop.
Build info: version: '4.8.2', revision: '826dbfc730'
System info: os.name: 'Windows 10', os.arch: 'amd64', os.version: '10.0', java.version: '16.0.1'
Driver info: org.openqa.selenium.chrome.ChromeDriver
Command: [710ca2a4a5edf2d4480af7a5611ef6e6, quit {}]
Capabilities {acceptInsecureCerts: false, browserName: chrome, browserVersion: 113.0.5672.127, chrome: {chromedriverVersion: 113.0.5672.63 (0e1a4471d5ae..., userDataDir: C:\Users\admin\AppData\Loca...}, goog:chromeOptions: {debuggerAddress: localhost:65300}, networkConnectionEnabled: false, pageLoadStrategy: normal, platformName: WINDOWS, proxy: Proxy(), se:cdp: ws://localhost:65300/devtoo..., se:cdpVersion: 113.0.5672.127, setWindowRect: true, strictFileInteractability: false, timeouts: {implicit: 0, pageLoad: 300000, script: 30000}, unhandledPromptBehavior: dismiss and notify, webauthn:extension:credBlob: true, webauthn:extension:largeBlob: true, webauthn:extension:minPinLength: true, webauthn:extension:prf: true, webauthn:virtualAuthenticators: true}
Session ID: 710ca2a4a5edf2d4480af7a5611ef6e6
at org.openqa.selenium.remote.service.DriverCommandExecutor.execute(DriverCommandExecutor.java:148)
at org.openqa.selenium.remote.RemoteWebDriver.execute(RemoteWebDriver.java:543)
at org.openqa.selenium.remote.RemoteWebDriver.execute(RemoteWebDriver.java:598)
at org.openqa.selenium.remote.RemoteWebDriver.execute(RemoteWebDriver.java:602)
at org.openqa.selenium.remote.RemoteWebDriver.quit(RemoteWebDriver.java:445)
at org.openqa.selenium.chromium.ChromiumDriver.quit(ChromiumDriver.java:279)
at com.framework.utils.Reporter.endResult(Reporter.java:114)
at java.base/jdk.internal.reflect.NativeMethodAccessorImpl.invoke0(Native Method)
at java.base/jdk.internal.reflect.NativeMethodAccessorImpl.invoke(NativeMethodAccessorImpl.java:78)
at java.base/jdk.internal.reflect.DelegatingMethodAccessorImpl.invoke(DelegatingMethodAccessorImpl.java:43)
at java.base/java.lang.reflect.Method.invoke(Method.java:567)
at org.testng.internal.MethodInvocationHelper.invokeMethod(MethodInvocationHelper.java:132)
at org.testng.internal.MethodInvocationHelper.invokeMethodConsideringTimeout(MethodInvocationHelper.java:61)
at org.testng.internal.ConfigInvoker.invokeConfigurationMethod(ConfigInvoker.java:366)
at org.testng.internal.ConfigInvoker.invokeConfigurations(ConfigInvoker.java:320)
at org.testng.SuiteRunner.privateRun(SuiteRunner.java:351)
at org.testng.SuiteRunner.run(SuiteRunner.java:286)
at org.testng.SuiteRunnerWorker.runSuite(SuiteRunnerWorker.java:53)
at org.testng.SuiteRunnerWorker.run(SuiteRunnerWorker.java:96)
at org.testng.TestNG.runSuitesSequentially(TestNG.java:1218)
at org.testng.TestNG.runSuitesLocally(TestNG.java:1140)
at org.testng.TestNG.runSuites(TestNG.java:1069)
at org.testng.TestNG.run(TestNG.java:1037)
at org.testng.remote.AbstractRemoteTestNG.run(AbstractRemoteTestNG.java:115)
at org.testng.remote.RemoteTestNG.initAndRun(RemoteTestNG.java:251)
at org.testng.remote.RemoteTestNG.main(RemoteTestNG.java:77)
Caused by: java.util.concurrent.ExecutionException: java.io.UncheckedIOException: java.net.ConnectException: Connection refused: no further information: localhost/[0:0:0:0:0:0:0:1]:42035
at java.base/java.util.concurrent.CompletableFuture.reportGet(CompletableFuture.java:395)
at java.base/java.util.concurrent.CompletableFuture.get(CompletableFuture.java:2092)
at org.openqa.selenium.remote.service.DriverCommandExecutor.execute(DriverCommandExecutor.java:144)
... 25 more
Caused by: java.io.UncheckedIOException: java.net.ConnectException: Connection refused: no further information: localhost/[0:0:0:0:0:0:0:1]:42035
at org.openqa.selenium.remote.http.netty.NettyHttpHandler.makeCall(NettyHttpHandler.java:73)
at org.openqa.selenium.remote.http.AddSeleniumUserAgent.lambda$apply$0(AddSeleniumUserAgent.java:42)
at org.openqa.selenium.remote.http.Filter.lambda$andFinally$1(Filter.java:56)
at org.openqa.selenium.remote.http.netty.NettyHttpHandler.execute(NettyHttpHandler.java:49)
at org.openqa.selenium.remote.http.AddSeleniumUserAgent.lambda$apply$0(AddSeleniumUserAgent.java:42)
at org.openqa.selenium.remote.http.Filter.lambda$andFinally$1(Filter.java:56)
at org.openqa.selenium.remote.http.netty.NettyClient.execute(NettyClient.java:99)
at org.openqa.selenium.remote.HttpCommandExecutor.execute(HttpCommandExecutor.java:190)
at org.openqa.selenium.remote.service.DriverCommandExecutor.invokeExecute(DriverCommandExecutor.java:183)
at org.openqa.selenium.remote.service.DriverCommandExecutor.lambda$execute$1(DriverCommandExecutor.java:121)
at java.base/java.util.concurrent.CompletableFuture$AsyncSupply.run(CompletableFuture.java:1764)
at java.base/java.util.concurrent.ThreadPoolExecutor.runWorker(ThreadPoolExecutor.java:1130)
at java.base/java.util.concurrent.ThreadPoolExecutor$Worker.run(ThreadPoolExecutor.java:630)
at java.base/java.lang.Thread.run(Thread.java:831)
Caused by: java.net.ConnectException: Connection refused: no further information: localhost/[0:0:0:0:0:0:0:1]:42035
at org.asynchttpclient.netty.channel.NettyConnectListener.onFailure(NettyConnectListener.java:179)
at org.asynchttpclient.netty.channel.NettyChannelConnector$1.onFailure(NettyChannelConnector.java:108)
at org.asynchttpclient.netty.SimpleChannelFutureListener.operationComplete(SimpleChannelFutureListener.java:28)
at org.asynchttpclient.netty.SimpleChannelFutureListener.operationComplete(SimpleChannelFutureListener.java:20)
at io.netty.util.concurrent.DefaultPromise.notifyListener0(DefaultPromise.java:590)
at io.netty.util.concurrent.DefaultPromise.notifyListeners0(DefaultPromise.java:583)
at io.netty.util.concurrent.DefaultPromise.notifyListenersNow(DefaultPromise.java:559)
at io.netty.util.concurrent.DefaultPromise.notifyListeners(DefaultPromise.java:492)
at io.netty.util.concurrent.DefaultPromise.setValue0(DefaultPromise.java:636)
at io.netty.util.concurrent.DefaultPromise.setFailure0(DefaultPromise.java:629)
at io.netty.util.concurrent.DefaultPromise.tryFailure(DefaultPromise.java:118)
at io.netty.channel.nio.AbstractNioChannel$AbstractNioUnsafe.fulfillConnectPromise(AbstractNioChannel.java:321)
at io.netty.channel.nio.AbstractNioChannel$AbstractNioUnsafe.finishConnect(AbstractNioChannel.java:337)
at io.netty.channel.nio.NioEventLoop.processSelectedKey(NioEventLoop.java:776)
at io.netty.channel.nio.NioEventLoop.processSelectedKeysOptimized(NioEventLoop.java:724)
at io.netty.channel.nio.NioEventLoop.processSelectedKeys(NioEventLoop.java:650)
at io.netty.channel.nio.NioEventLoop.run(NioEventLoop.java:562)
at io.netty.util.concurrent.SingleThreadEventExecutor$4.run(SingleThreadEventExecutor.java:997)
at io.netty.util.internal.ThreadExecutorMap$2.run(ThreadExecutorMap.java:74)
at io.netty.util.concurrent.FastThreadLocalRunnable.run(FastThreadLocalRunnable.java:30)
... 1 more
Caused by: io.netty.channel.AbstractChannel$AnnotatedConnectException: Connection refused: no further information: localhost/[0:0:0:0:0:0:0:1]:42035
Caused by: java.net.ConnectException: Connection refused: no further information
at java.base/sun.nio.ch.Net.pollConnect(Native Method)
at java.base/sun.nio.ch.Net.pollConnectNow(Net.java:669)
at java.base/sun.nio.ch.SocketChannelImpl.finishConnect(SocketChannelImpl.java:944)
at io.netty.channel.socket.nio.NioSocketChannel.doFinishConnect(NioSocketChannel.java:337)
at io.netty.channel.nio.AbstractNioChannel$AbstractNioUnsafe.finishConnect(AbstractNioChannel.java:334)
at io.netty.channel.nio.NioEventLoop.processSelectedKey(NioEventLoop.java:776)
at io.netty.channel.nio.NioEventLoop.processSelectedKeysOptimized(NioEventLoop.java:724)
at io.netty.channel.nio.NioEventLoop.processSelectedKeys(NioEventLoop.java:650)
at io.netty.channel.nio.NioEventLoop.run(NioEventLoop.java:562)
at io.netty.util.concurrent.SingleThreadEventExecutor$4.run(SingleThreadEventExecutor.java:997)
at io.netty.util.internal.ThreadExecutorMap$2.run(ThreadExecutorMap.java:74)
at io.netty.util.concurrent.FastThreadLocalRunnable.run(FastThreadLocalRunnable.java:30)
at java.base/java.lang.Thread.run(Thread.java:831)
]]>
            </full-stacktrace>
          </exception> <!-- org.openqa.selenium.WebDriverException -->
          <reporter-output>
          </reporter-output>
        </test-method> <!-- endResult -->
      </class> <!-- com.opencart.testcases.TC001_ConfirmOrder -->
    </test> <!-- Default test -->
  </suite> <!-- Default suite -->
</testng-results>
