<?xml version="1.0" encoding="UTF-8"?>
<!-- Generated by org.testng.reporters.JUnitXMLReporter -->
<testsuite ignored="0" hostname="TL0017" failures="0" tests="1" name="Default test" time="137.071" errors="0" timestamp="2023-05-22T11:58:51 IST">
  <testcase classname="com.framework.testng.api.base.BaseMethods" name="@BeforeMethod preCondition" time="123.037">
    <failure type="java.lang.StackOverflowError">
      <![CDATA[java.lang.StackOverflowError
at java.base/java.util.regex.Pattern$Branch.match(Pattern.java:4746)
at java.base/java.util.regex.Pattern$BranchConn.match(Pattern.java:4710)
at java.base/java.util.regex.Pattern$GroupTail.match(Pattern.java:4832)
at java.base/java.util.regex.Pattern$BmpCharPropertyGreedy.match(Pattern.java:4341)
at java.base/java.util.regex.Pattern$GroupHead.match(Pattern.java:4801)
at java.base/java.util.regex.Pattern$Branch.match(Pattern.java:4746)
at java.base/java.util.regex.Pattern$Branch.match(Pattern.java:4744)
at java.base/java.util.regex.Pattern$BmpCharProperty.match(Pattern.java:3967)
at java.base/java.util.regex.Pattern$Start.match(Pattern.java:3620)
at java.base/java.util.regex.Matcher.search(Matcher.java:1728)
at java.base/java.util.regex.Matcher.find(Matcher.java:772)
at java.base/java.util.Formatter.parse(Formatter.java:2718)
at java.base/java.util.Formatter.format(Formatter.java:2671)
at java.base/java.util.Formatter.format(Formatter.java:2625)
at java.base/java.lang.String.format(String.java:3290)
at org.openqa.selenium.SharedCapabilitiesMethods.lambda$abbreviate$6(SharedCapabilitiesMethods.java:107)
at java.base/java.util.stream.ReferencePipeline$3$1.accept(ReferencePipeline.java:197)
at java.base/java.util.stream.SortedOps$SizedRefSortingSink.end(SortedOps.java:357)
at java.base/java.util.stream.AbstractPipeline.copyInto(AbstractPipeline.java:485)
at java.base/java.util.stream.AbstractPipeline.wrapAndCopyInto(AbstractPipeline.java:474)
at java.base/java.util.stream.ReduceOps$ReduceOp.evaluateSequential(ReduceOps.java:913)
at java.base/java.util.stream.AbstractPipeline.evaluate(AbstractPipeline.java:234)
at java.base/java.util.stream.ReferencePipeline.collect(ReferencePipeline.java:682)
at org.openqa.selenium.SharedCapabilitiesMethods.abbreviate(SharedCapabilitiesMethods.java:108)
at org.openqa.selenium.SharedCapabilitiesMethods.lambda$abbreviate$6(SharedCapabilitiesMethods.java:107)
at java.base/java.util.stream.ReferencePipeline$3$1.accept(ReferencePipeline.java:197)
at java.base/java.util.stream.SortedOps$SizedRefSortingSink.end(SortedOps.java:357)
at java.base/java.util.stream.AbstractPipeline.copyInto(AbstractPipeline.java:485)
at java.base/java.util.stream.AbstractPipeline.wrapAndCopyInto(AbstractPipeline.java:474)
at java.base/java.util.stream.ReduceOps$ReduceOp.evaluateSequential(ReduceOps.java:913)
at java.base/java.util.stream.AbstractPipeline.evaluate(AbstractPipeline.java:234)
at java.base/java.util.stream.ReferencePipeline.collect(ReferencePipeline.java:682)
at org.openqa.selenium.SharedCapabilitiesMethods.abbreviate(SharedCapabilitiesMethods.java:108)
at org.openqa.selenium.SharedCapabilitiesMethods.toString(SharedCapabilitiesMethods.java:78)
at org.openqa.selenium.ImmutableCapabilities.toString(ImmutableCapabilities.java:195)
at org.openqa.selenium.remote.RemoteWebDriver.populateWebDriverException(RemoteWebDriver.java:593)
at org.openqa.selenium.remote.RemoteWebDriver.execute(RemoteWebDriver.java:570)
at org.openqa.selenium.remote.RemoteWebDriver.execute(RemoteWebDriver.java:598)
at org.openqa.selenium.remote.RemoteWebDriver.execute(RemoteWebDriver.java:602)
at org.openqa.selenium.remote.RemoteWebDriver.getScreenshotAs(RemoteWebDriver.java:318)
at com.framework.selenium.api.base.SeleniumBase.takeSnap(SeleniumBase.java:851)
at com.framework.utils.Reporter.reportStep(Reporter.java:80)
at com.framework.utils.Reporter.reportStep(Reporter.java:107)
at com.framework.selenium.api.base.SeleniumBase.takeSnap(SeleniumBase.java:854)
at com.framework.utils.Reporter.reportStep(Reporter.java:80)
at com.framework.utils.Reporter.reportStep(Reporter.java:107)
at com.framework.selenium.api.base.SeleniumBase.takeSnap(SeleniumBase.java:854)
at com.framework.utils.Reporter.reportStep(Reporter.java:80)
at com.framework.utils.Reporter.reportStep(Reporter.java:107)
at com.framework.selenium.api.base.SeleniumBase.takeSnap(SeleniumBase.java:854)
at com.framework.utils.Reporter.reportStep(Reporter.java:80)
at com.framework.utils.Reporter.reportStep(Reporter.java:107)
at com.framework.selenium.api.base.SeleniumBase.takeSnap(SeleniumBase.java:854)
at com.framework.utils.Reporter.reportStep(Reporter.java:80)
at com.framework.utils.Reporter.reportStep(Reporter.java:107)
at com.framework.selenium.api.base.SeleniumBase.takeSnap(SeleniumBase.java:854)
at com.framework.utils.Reporter.reportStep(Reporter.java:80)
at com.framework.utils.Reporter.reportStep(Reporter.java:107)
at com.framework.selenium.api.base.SeleniumBase.takeSnap(SeleniumBase.java:854)
at com.framework.utils.Reporter.reportStep(Reporter.java:80)
at com.framework.utils.Reporter.reportStep(Reporter.java:107)
at com.framework.selenium.api.base.SeleniumBase.takeSnap(SeleniumBase.java:854)
at com.framework.utils.Reporter.reportStep(Reporter.java:80)
at com.framework.utils.Reporter.reportStep(Reporter.java:107)
at com.framework.selenium.api.base.SeleniumBase.takeSnap(SeleniumBase.java:854)
at com.framework.utils.Reporter.reportStep(Reporter.java:80)
at com.framework.utils.Reporter.reportStep(Reporter.java:107)
at com.framework.selenium.api.base.SeleniumBase.takeSnap(SeleniumBase.java:854)
at com.framework.utils.Reporter.reportStep(Reporter.java:80)
at com.framework.utils.Reporter.reportStep(Reporter.java:107)
at com.framework.selenium.api.base.SeleniumBase.takeSnap(SeleniumBase.java:854)
at com.framework.utils.Reporter.reportStep(Reporter.java:80)
at com.framework.utils.Reporter.reportStep(Reporter.java:107)
at com.framework.selenium.api.base.SeleniumBase.takeSnap(SeleniumBase.java:854)
at com.framework.utils.Reporter.reportStep(Reporter.java:80)
at com.framework.utils.Reporter.reportStep(Reporter.java:107)
at com.framework.selenium.api.base.SeleniumBase.takeSnap(SeleniumBase.java:854)
at com.framework.utils.Reporter.reportStep(Reporter.java:80)
at com.framework.utils.Reporter.reportStep(Reporter.java:107)
at com.framework.selenium.api.base.SeleniumBase.takeSnap(SeleniumBase.java:854)
at com.framework.utils.Reporter.reportStep(Reporter.java:80)
at com.framework.utils.Reporter.reportStep(Reporter.java:107)
at com.framework.selenium.api.base.SeleniumBase.takeSnap(SeleniumBase.java:854)
at com.framework.utils.Reporter.reportStep(Reporter.java:80)
at com.framework.utils.Reporter.reportStep(Reporter.java:107)
at com.framework.selenium.api.base.SeleniumBase.takeSnap(SeleniumBase.java:854)
at com.framework.utils.Reporter.reportStep(Reporter.java:80)
at com.framework.utils.Reporter.reportStep(Reporter.java:107)
at com.framework.selenium.api.base.SeleniumBase.takeSnap(SeleniumBase.java:854)
at com.framework.utils.Reporter.reportStep(Reporter.java:80)
at com.framework.utils.Reporter.reportStep(Reporter.java:107)
at com.framework.selenium.api.base.SeleniumBase.takeSnap(SeleniumBase.java:854)
at com.framework.utils.Reporter.reportStep(Reporter.java:80)
at com.framework.utils.Reporter.reportStep(Reporter.java:107)
at com.framework.selenium.api.base.SeleniumBase.takeSnap(SeleniumBase.java:854)
at com.framework.utils.Reporter.reportStep(Reporter.java:80)
at com.framework.utils.Reporter.reportStep(Reporter.java:107)
at com.framework.selenium.api.base.SeleniumBase.takeSnap(SeleniumBase.java:854)
at com.framework.utils.Reporter.reportStep(Reporter.java:80)
at com.framework.utils.Reporter.reportStep(Reporter.java:107)
at com.framework.selenium.api.base.SeleniumBase.takeSnap(SeleniumBase.java:854)
at com.framework.utils.Reporter.reportStep(Reporter.java:80)
at com.framework.utils.Reporter.reportStep(Reporter.java:107)
at com.framework.selenium.api.base.SeleniumBase.takeSnap(SeleniumBase.java:854)
at com.framework.utils.Reporter.reportStep(Reporter.java:80)
at com.framework.utils.Reporter.reportStep(Reporter.java:107)
at com.framework.selenium.api.base.SeleniumBase.takeSnap(SeleniumBase.java:854)
at com.framework.utils.Reporter.reportStep(Reporter.java:80)
at com.framework.utils.Reporter.reportStep(Reporter.java:107)
at com.framework.selenium.api.base.SeleniumBase.takeSnap(SeleniumBase.java:854)
at com.framework.utils.Reporter.reportStep(Reporter.java:80)
at com.framework.utils.Reporter.reportStep(Reporter.java:107)
at com.framework.selenium.api.base.SeleniumBase.takeSnap(SeleniumBase.java:854)
at com.framework.utils.Reporter.reportStep(Reporter.java:80)
at com.framework.utils.Reporter.reportStep(Reporter.java:107)
at com.framework.selenium.api.base.SeleniumBase.takeSnap(SeleniumBase.java:854)
at com.framework.utils.Reporter.reportStep(Reporter.java:80)
at com.framework.utils.Reporter.reportStep(Reporter.java:107)
at com.framework.selenium.api.base.SeleniumBase.takeSnap(SeleniumBase.java:854)
at com.framework.utils.Reporter.reportStep(Reporter.java:80)
at com.framework.utils.Reporter.reportStep(Reporter.java:107)
at com.framework.selenium.api.base.SeleniumBase.takeSnap(SeleniumBase.java:854)
at com.framework.utils.Reporter.reportStep(Reporter.java:80)
at com.framework.utils.Reporter.reportStep(Reporter.java:107)
at com.framework.selenium.api.base.SeleniumBase.takeSnap(SeleniumBase.java:854)
at com.framework.utils.Reporter.reportStep(Reporter.java:80)
at com.framework.utils.Reporter.reportStep(Reporter.java:107)
at com.framework.selenium.api.base.SeleniumBase.takeSnap(SeleniumBase.java:854)
at com.framework.utils.Reporter.reportStep(Reporter.java:80)
at com.framework.utils.Reporter.reportStep(Reporter.java:107)
at com.framework.selenium.api.base.SeleniumBase.takeSnap(SeleniumBase.java:854)
at com.framework.utils.Reporter.reportStep(Reporter.java:80)
at com.framework.utils.Reporter.reportStep(Reporter.java:107)
at com.framework.selenium.api.base.SeleniumBase.takeSnap(SeleniumBase.java:854)
at com.framework.utils.Reporter.reportStep(Reporter.java:80)
at com.framework.utils.Reporter.reportStep(Reporter.java:107)
at com.framework.selenium.api.base.SeleniumBase.takeSnap(SeleniumBase.java:854)
at com.framework.utils.Reporter.reportStep(Reporter.java:80)
at com.framework.utils.Reporter.reportStep(Reporter.java:107)
at com.framework.selenium.api.base.SeleniumBase.takeSnap(SeleniumBase.java:854)
at com.framework.utils.Reporter.reportStep(Reporter.java:80)
at com.framework.utils.Reporter.reportStep(Reporter.java:107)
at com.framework.selenium.api.base.SeleniumBase.takeSnap(SeleniumBase.java:854)
at com.framework.utils.Reporter.reportStep(Reporter.java:80)
at com.framework.utils.Reporter.reportStep(Reporter.java:107)
at com.framework.selenium.api.base.SeleniumBase.takeSnap(SeleniumBase.java:854)
at com.framework.utils.Reporter.reportStep(Reporter.java:80)
at com.framework.utils.Reporter.reportStep(Reporter.java:107)
at com.framework.selenium.api.base.SeleniumBase.takeSnap(SeleniumBase.java:854)
at com.framework.utils.Reporter.reportStep(Reporter.java:80)
at com.framework.utils.Reporter.reportStep(Reporter.java:107)
at com.framework.selenium.api.base.SeleniumBase.takeSnap(SeleniumBase.java:854)
at com.framework.utils.Reporter.reportStep(Reporter.java:80)
at com.framework.utils.Reporter.reportStep(Reporter.java:107)
at com.framework.selenium.api.base.SeleniumBase.takeSnap(SeleniumBase.java:854)
at com.framework.utils.Reporter.reportStep(Reporter.java:80)
at com.framework.utils.Reporter.reportStep(Reporter.java:107)
at com.framework.selenium.api.base.SeleniumBase.takeSnap(SeleniumBase.java:854)
at com.framework.utils.Reporter.reportStep(Reporter.java:80)
at com.framework.utils.Reporter.reportStep(Reporter.java:107)
at com.framework.selenium.api.base.SeleniumBase.takeSnap(SeleniumBase.java:854)
at com.framework.utils.Reporter.reportStep(Reporter.java:80)
at com.framework.utils.Reporter.reportStep(Reporter.java:107)
at com.framework.selenium.api.base.SeleniumBase.takeSnap(SeleniumBase.java:854)
at com.framework.utils.Reporter.reportStep(Reporter.java:80)
at com.framework.utils.Reporter.reportStep(Reporter.java:107)
at com.framework.selenium.api.base.SeleniumBase.takeSnap(SeleniumBase.java:854)
at com.framework.utils.Reporter.reportStep(Reporter.java:80)
at com.framework.utils.Reporter.reportStep(Reporter.java:107)
at com.framework.selenium.api.base.SeleniumBase.takeSnap(SeleniumBase.java:854)
at com.framework.utils.Reporter.reportStep(Reporter.java:80)
at com.framework.utils.Reporter.reportStep(Reporter.java:107)
at com.framework.selenium.api.base.SeleniumBase.takeSnap(SeleniumBase.java:854)
at com.framework.utils.Reporter.reportStep(Reporter.java:80)
at com.framework.utils.Reporter.reportStep(Reporter.java:107)
at com.framework.selenium.api.base.SeleniumBase.takeSnap(SeleniumBase.java:854)
at com.framework.utils.Reporter.reportStep(Reporter.java:80)
at com.framework.utils.Reporter.reportStep(Reporter.java:107)
at com.framework.selenium.api.base.SeleniumBase.takeSnap(SeleniumBase.java:854)
at com.framework.utils.Reporter.reportStep(Reporter.java:80)
at com.framework.utils.Reporter.reportStep(Reporter.java:107)
at com.framework.selenium.api.base.SeleniumBase.takeSnap(SeleniumBase.java:854)
at com.framework.utils.Reporter.reportStep(Reporter.java:80)
at com.framework.utils.Reporter.reportStep(Reporter.java:107)
at com.framework.selenium.api.base.SeleniumBase.takeSnap(SeleniumBase.java:854)
at com.framework.utils.Reporter.reportStep(Reporter.java:80)
at com.framework.utils.Reporter.reportStep(Reporter.java:107)
at com.framework.selenium.api.base.SeleniumBase.takeSnap(SeleniumBase.java:854)
at com.framework.utils.Reporter.reportStep(Reporter.java:80)
at com.framework.utils.Reporter.reportStep(Reporter.java:107)
at com.framework.selenium.api.base.SeleniumBase.takeSnap(SeleniumBase.java:854)
at com.framework.utils.Reporter.reportStep(Reporter.java:80)
at com.framework.utils.Reporter.reportStep(Reporter.java:107)
at com.framework.selenium.api.base.SeleniumBase.takeSnap(SeleniumBase.java:854)
at com.framework.utils.Reporter.reportStep(Reporter.java:80)
at com.framework.utils.Reporter.reportStep(Reporter.java:107)
at com.framework.selenium.api.base.SeleniumBase.takeSnap(SeleniumBase.java:854)
at com.framework.utils.Reporter.reportStep(Reporter.java:80)
at com.framework.utils.Reporter.reportStep(Reporter.java:107)
at com.framework.selenium.api.base.SeleniumBase.takeSnap(SeleniumBase.java:854)
at com.framework.utils.Reporter.reportStep(Reporter.java:80)
at com.framework.utils.Reporter.reportStep(Reporter.java:107)
at com.framework.selenium.api.base.SeleniumBase.takeSnap(SeleniumBase.java:854)
at com.framework.utils.Reporter.reportStep(Reporter.java:80)
at com.framework.utils.Reporter.reportStep(Reporter.java:107)
at com.framework.selenium.api.base.SeleniumBase.takeSnap(SeleniumBase.java:854)
at com.framework.utils.Reporter.reportStep(Reporter.java:80)
at com.framework.utils.Reporter.reportStep(Reporter.java:107)
at com.framework.selenium.api.base.SeleniumBase.takeSnap(SeleniumBase.java:854)
at com.framework.utils.Reporter.reportStep(Reporter.java:80)
at com.framework.utils.Reporter.reportStep(Reporter.java:107)
at com.framework.selenium.api.base.SeleniumBase.takeSnap(SeleniumBase.java:854)
at com.framework.utils.Reporter.reportStep(Reporter.java:80)
at com.framework.utils.Reporter.reportStep(Reporter.java:107)
at com.framework.selenium.api.base.SeleniumBase.takeSnap(SeleniumBase.java:854)
at com.framework.utils.Reporter.reportStep(Reporter.java:80)
at com.framework.utils.Reporter.reportStep(Reporter.java:107)
at com.framework.selenium.api.base.SeleniumBase.takeSnap(SeleniumBase.java:854)
at com.framework.utils.Reporter.reportStep(Reporter.java:80)
at com.framework.utils.Reporter.reportStep(Reporter.java:107)
at com.framework.selenium.api.base.SeleniumBase.takeSnap(SeleniumBase.java:854)
at com.framework.utils.Reporter.reportStep(Reporter.java:80)
at com.framework.utils.Reporter.reportStep(Reporter.java:107)
at com.framework.selenium.api.base.SeleniumBase.takeSnap(SeleniumBase.java:854)
at com.framework.utils.Reporter.reportStep(Reporter.java:80)
at com.framework.utils.Reporter.reportStep(Reporter.java:107)
at com.framework.selenium.api.base.SeleniumBase.takeSnap(SeleniumBase.java:854)
at com.framework.utils.Reporter.reportStep(Reporter.java:80)
at com.framework.utils.Reporter.reportStep(Reporter.java:107)
at com.framework.selenium.api.base.SeleniumBase.takeSnap(SeleniumBase.java:854)
at com.framework.utils.Reporter.reportStep(Reporter.java:80)
at com.framework.utils.Reporter.reportStep(Reporter.java:107)
at com.framework.selenium.api.base.SeleniumBase.takeSnap(SeleniumBase.java:854)
at com.framework.utils.Reporter.reportStep(Reporter.java:80)
at com.framework.utils.Reporter.reportStep(Reporter.java:107)
at com.framework.selenium.api.base.SeleniumBase.takeSnap(SeleniumBase.java:854)
at com.framework.utils.Reporter.reportStep(Reporter.java:80)
at com.framework.utils.Reporter.reportStep(Reporter.java:107)
at com.framework.selenium.api.base.SeleniumBase.takeSnap(SeleniumBase.java:854)
at com.framework.utils.Reporter.reportStep(Reporter.java:80)
at com.framework.utils.Reporter.reportStep(Reporter.java:107)
at com.framework.selenium.api.base.SeleniumBase.takeSnap(SeleniumBase.java:854)
at com.framework.utils.Reporter.reportStep(Reporter.java:80)
at com.framework.utils.Reporter.reportStep(Reporter.java:107)
at com.framework.selenium.api.base.SeleniumBase.takeSnap(SeleniumBase.java:854)
at com.framework.utils.Reporter.reportStep(Reporter.java:80)
at com.framework.utils.Reporter.reportStep(Reporter.java:107)
at com.framework.selenium.api.base.SeleniumBase.takeSnap(SeleniumBase.java:854)
at com.framework.utils.Reporter.reportStep(Reporter.java:80)
at com.framework.utils.Reporter.reportStep(Reporter.java:107)
at com.framework.selenium.api.base.SeleniumBase.takeSnap(SeleniumBase.java:854)
at com.framework.utils.Reporter.reportStep(Reporter.java:80)
at com.framework.utils.Reporter.reportStep(Reporter.java:107)
at com.framework.selenium.api.base.SeleniumBase.takeSnap(SeleniumBase.java:854)
at com.framework.utils.Reporter.reportStep(Reporter.java:80)
at com.framework.utils.Reporter.reportStep(Reporter.java:107)
at com.framework.selenium.api.base.SeleniumBase.takeSnap(SeleniumBase.java:854)
at com.framework.utils.Reporter.reportStep(Reporter.java:80)
at com.framework.utils.Reporter.reportStep(Reporter.java:107)
at com.framework.selenium.api.base.SeleniumBase.takeSnap(SeleniumBase.java:854)
at com.framework.utils.Reporter.reportStep(Reporter.java:80)
at com.framework.utils.Reporter.reportStep(Reporter.java:107)
at com.framework.selenium.api.base.SeleniumBase.takeSnap(SeleniumBase.java:854)
at com.framework.utils.Reporter.reportStep(Reporter.java:80)
at com.framework.utils.Reporter.reportStep(Reporter.java:107)
at com.framework.selenium.api.base.SeleniumBase.takeSnap(SeleniumBase.java:854)
at com.framework.utils.Reporter.reportStep(Reporter.java:80)
at com.framework.utils.Reporter.reportStep(Reporter.java:107)
at com.framework.selenium.api.base.SeleniumBase.takeSnap(SeleniumBase.java:854)
at com.framework.utils.Reporter.reportStep(Reporter.java:80)
at com.framework.utils.Reporter.reportStep(Reporter.java:107)
at com.framework.selenium.api.base.SeleniumBase.takeSnap(SeleniumBase.java:854)
at com.framework.utils.Reporter.reportStep(Reporter.java:80)
at com.framework.utils.Reporter.reportStep(Reporter.java:107)
at com.framework.selenium.api.base.SeleniumBase.takeSnap(SeleniumBase.java:854)
at com.framework.utils.Reporter.reportStep(Reporter.java:80)
at com.framework.utils.Reporter.reportStep(Reporter.java:107)
at com.framework.selenium.api.base.SeleniumBase.takeSnap(SeleniumBase.java:854)
at com.framework.utils.Reporter.reportStep(Reporter.java:80)
at com.framework.utils.Reporter.reportStep(Reporter.java:107)
at com.framework.selenium.api.base.SeleniumBase.takeSnap(SeleniumBase.java:854)
at com.framework.utils.Reporter.reportStep(Reporter.java:80)
at com.framework.utils.Reporter.reportStep(Reporter.java:107)
at com.framework.selenium.api.base.SeleniumBase.takeSnap(SeleniumBase.java:854)
at com.framework.utils.Reporter.reportStep(Reporter.java:80)
at com.framework.utils.Reporter.reportStep(Reporter.java:107)
at com.framework.selenium.api.base.SeleniumBase.takeSnap(SeleniumBase.java:854)
at com.framework.utils.Reporter.reportStep(Reporter.java:80)
at com.framework.utils.Reporter.reportStep(Reporter.java:107)
at com.framework.selenium.api.base.SeleniumBase.takeSnap(SeleniumBase.java:854)
at com.framework.utils.Reporter.reportStep(Reporter.java:80)
at com.framework.utils.Reporter.reportStep(Reporter.java:107)
at com.framework.selenium.api.base.SeleniumBase.takeSnap(SeleniumBase.java:854)
at com.framework.utils.Reporter.reportStep(Reporter.java:80)
at com.framework.utils.Reporter.reportStep(Reporter.java:107)
at com.framework.selenium.api.base.SeleniumBase.takeSnap(SeleniumBase.java:854)
at com.framework.utils.Reporter.reportStep(Reporter.java:80)
at com.framework.utils.Reporter.reportStep(Reporter.java:107)
at com.framework.selenium.api.base.SeleniumBase.takeSnap(SeleniumBase.java:854)
at com.framework.utils.Reporter.reportStep(Reporter.java:80)
at com.framework.utils.Reporter.reportStep(Reporter.java:107)
at com.framework.selenium.api.base.SeleniumBase.takeSnap(SeleniumBase.java:854)
at com.framework.utils.Reporter.reportStep(Reporter.java:80)
at com.framework.utils.Reporter.reportStep(Reporter.java:107)
at com.framework.selenium.api.base.SeleniumBase.takeSnap(SeleniumBase.java:854)
at com.framework.utils.Reporter.reportStep(Reporter.java:80)
at com.framework.utils.Reporter.reportStep(Reporter.java:107)
at com.framework.selenium.api.base.SeleniumBase.takeSnap(SeleniumBase.java:854)
at com.framework.utils.Reporter.reportStep(Reporter.java:80)
at com.framework.utils.Reporter.reportStep(Reporter.java:107)
at com.framework.selenium.api.base.SeleniumBase.takeSnap(SeleniumBase.java:854)
at com.framework.utils.Reporter.reportStep(Reporter.java:80)
at com.framework.utils.Reporter.reportStep(Reporter.java:107)
at com.framework.selenium.api.base.SeleniumBase.takeSnap(SeleniumBase.java:854)
at com.framework.utils.Reporter.reportStep(Reporter.java:80)
at com.framework.utils.Reporter.reportStep(Reporter.java:107)
at com.framework.selenium.api.base.SeleniumBase.takeSnap(SeleniumBase.java:854)
at com.framework.utils.Reporter.reportStep(Reporter.java:80)
at com.framework.utils.Reporter.reportStep(Reporter.java:107)
at com.framework.selenium.api.base.SeleniumBase.takeSnap(SeleniumBase.java:854)
at com.framework.utils.Reporter.reportStep(Reporter.java:80)
at com.framework.utils.Reporter.reportStep(Reporter.java:107)
at com.framework.selenium.api.base.SeleniumBase.takeSnap(SeleniumBase.java:854)
at com.framework.utils.Reporter.reportStep(Reporter.java:80)
at com.framework.utils.Reporter.reportStep(Reporter.java:107)
at com.framework.selenium.api.base.SeleniumBase.takeSnap(SeleniumBase.java:854)
at com.framework.utils.Reporter.reportStep(Reporter.java:80)
at com.framework.utils.Reporter.reportStep(Reporter.java:107)
at com.framework.selenium.api.base.SeleniumBase.takeSnap(SeleniumBase.java:854)
at com.framework.utils.Reporter.reportStep(Reporter.java:80)
at com.framework.utils.Reporter.reportStep(Reporter.java:107)
at com.framework.selenium.api.base.SeleniumBase.takeSnap(SeleniumBase.java:854)
at com.framework.utils.Reporter.reportStep(Reporter.java:80)
at com.framework.utils.Reporter.reportStep(Reporter.java:107)
at com.framework.selenium.api.base.SeleniumBase.takeSnap(SeleniumBase.java:854)
at com.framework.utils.Reporter.reportStep(Reporter.java:80)
at com.framework.utils.Reporter.reportStep(Reporter.java:107)
at com.framework.selenium.api.base.SeleniumBase.takeSnap(SeleniumBase.java:854)
at com.framework.utils.Reporter.reportStep(Reporter.java:80)
at com.framework.utils.Reporter.reportStep(Reporter.java:107)
at com.framework.selenium.api.base.SeleniumBase.takeSnap(SeleniumBase.java:854)
at com.framework.utils.Reporter.reportStep(Reporter.java:80)
at com.framework.utils.Reporter.reportStep(Reporter.java:107)
at com.framework.selenium.api.base.SeleniumBase.takeSnap(SeleniumBase.java:854)
at com.framework.utils.Reporter.reportStep(Reporter.java:80)
at com.framework.utils.Reporter.reportStep(Reporter.java:107)
at com.framework.selenium.api.base.SeleniumBase.takeSnap(SeleniumBase.java:854)
at com.framework.utils.Reporter.reportStep(Reporter.java:80)
at com.framework.utils.Reporter.reportStep(Reporter.java:107)
at com.framework.selenium.api.base.SeleniumBase.takeSnap(SeleniumBase.java:854)
at com.framework.utils.Reporter.reportStep(Reporter.java:80)
at com.framework.utils.Reporter.reportStep(Reporter.java:107)
at com.framework.selenium.api.base.SeleniumBase.takeSnap(SeleniumBase.java:854)
at com.framework.utils.Reporter.reportStep(Reporter.java:80)
at com.framework.utils.Reporter.reportStep(Reporter.java:107)
at com.framework.selenium.api.base.SeleniumBase.takeSnap(SeleniumBase.java:854)
at com.framework.utils.Reporter.reportStep(Reporter.java:80)
at com.framework.utils.Reporter.reportStep(Reporter.java:107)
at com.framework.selenium.api.base.SeleniumBase.takeSnap(SeleniumBase.java:854)
at com.framework.utils.Reporter.reportStep(Reporter.java:80)
at com.framework.utils.Reporter.reportStep(Reporter.java:107)
at com.framework.selenium.api.base.SeleniumBase.takeSnap(SeleniumBase.java:854)
at com.framework.utils.Reporter.reportStep(Reporter.java:80)
at com.framework.utils.Reporter.reportStep(Reporter.java:107)
at com.framework.selenium.api.base.SeleniumBase.takeSnap(SeleniumBase.java:854)
at com.framework.utils.Reporter.reportStep(Reporter.java:80)
at com.framework.utils.Reporter.reportStep(Reporter.java:107)
at com.framework.selenium.api.base.SeleniumBase.takeSnap(SeleniumBase.java:854)
at com.framework.utils.Reporter.reportStep(Reporter.java:80)
at com.framework.utils.Reporter.reportStep(Reporter.java:107)
at com.framework.selenium.api.base.SeleniumBase.takeSnap(SeleniumBase.java:854)
at com.framework.utils.Reporter.reportStep(Reporter.java:80)
at com.framework.utils.Reporter.reportStep(Reporter.java:107)
at com.framework.selenium.api.base.SeleniumBase.takeSnap(SeleniumBase.java:854)
at com.framework.utils.Reporter.reportStep(Reporter.java:80)
at com.framework.utils.Reporter.reportStep(Reporter.java:107)
at com.framework.selenium.api.base.SeleniumBase.takeSnap(SeleniumBase.java:854)
at com.framework.utils.Reporter.reportStep(Reporter.java:80)
at com.framework.utils.Reporter.reportStep(Reporter.java:107)
at com.framework.selenium.api.base.SeleniumBase.takeSnap(SeleniumBase.java:854)
at com.framework.utils.Reporter.reportStep(Reporter.java:80)
at com.framework.utils.Reporter.reportStep(Reporter.java:107)
at com.framework.selenium.api.base.SeleniumBase.takeSnap(SeleniumBase.java:854)
at com.framework.utils.Reporter.reportStep(Reporter.java:80)
at com.framework.utils.Reporter.reportStep(Reporter.java:107)
at com.framework.selenium.api.base.SeleniumBase.takeSnap(SeleniumBase.java:854)
at com.framework.utils.Reporter.reportStep(Reporter.java:80)
at com.framework.utils.Reporter.reportStep(Reporter.java:107)
at com.framework.selenium.api.base.SeleniumBase.takeSnap(SeleniumBase.java:854)
at com.framework.utils.Reporter.reportStep(Reporter.java:80)
at com.framework.utils.Reporter.reportStep(Reporter.java:107)
at com.framework.selenium.api.base.SeleniumBase.takeSnap(SeleniumBase.java:854)
at com.framework.utils.Reporter.reportStep(Reporter.java:80)
at com.framework.utils.Reporter.reportStep(Reporter.java:107)
at com.framework.selenium.api.base.SeleniumBase.takeSnap(SeleniumBase.java:854)
at com.framework.utils.Reporter.reportStep(Reporter.java:80)
at com.framework.utils.Reporter.reportStep(Reporter.java:107)
at com.framework.selenium.api.base.SeleniumBase.takeSnap(SeleniumBase.java:854)
at com.framework.utils.Reporter.reportStep(Reporter.java:80)
at com.framework.utils.Reporter.reportStep(Reporter.java:107)
at com.framework.selenium.api.base.SeleniumBase.takeSnap(SeleniumBase.java:854)
at com.framework.utils.Reporter.reportStep(Reporter.java:80)
at com.framework.utils.Reporter.reportStep(Reporter.java:107)
at com.framework.selenium.api.base.SeleniumBase.takeSnap(SeleniumBase.java:854)
at com.framework.utils.Reporter.reportStep(Reporter.java:80)
at com.framework.utils.Reporter.reportStep(Reporter.java:107)
at com.framework.selenium.api.base.SeleniumBase.takeSnap(SeleniumBase.java:854)
at com.framework.utils.Reporter.reportStep(Reporter.java:80)
at com.framework.utils.Reporter.reportStep(Reporter.java:107)
at com.framework.selenium.api.base.SeleniumBase.takeSnap(SeleniumBase.java:854)
at com.framework.utils.Reporter.reportStep(Reporter.java:80)
at com.framework.utils.Reporter.reportStep(Reporter.java:107)
at com.framework.selenium.api.base.SeleniumBase.takeSnap(SeleniumBase.java:854)
at com.framework.utils.Reporter.reportStep(Reporter.java:80)
at com.framework.utils.Reporter.reportStep(Reporter.java:107)
at com.framework.selenium.api.base.SeleniumBase.takeSnap(SeleniumBase.java:854)
at com.framework.utils.Reporter.reportStep(Reporter.java:80)
at com.framework.utils.Reporter.reportStep(Reporter.java:107)
at com.framework.selenium.api.base.SeleniumBase.takeSnap(SeleniumBase.java:854)
at com.framework.utils.Reporter.reportStep(Reporter.java:80)
at com.framework.utils.Reporter.reportStep(Reporter.java:107)
at com.framework.selenium.api.base.SeleniumBase.takeSnap(SeleniumBase.java:854)
at com.framework.utils.Reporter.reportStep(Reporter.java:80)
at com.framework.utils.Reporter.reportStep(Reporter.java:107)
at com.framework.selenium.api.base.SeleniumBase.takeSnap(SeleniumBase.java:854)
at com.framework.utils.Reporter.reportStep(Reporter.java:80)
at com.framework.utils.Reporter.reportStep(Reporter.java:107)
at com.framework.selenium.api.base.SeleniumBase.takeSnap(SeleniumBase.java:854)
at com.framework.utils.Reporter.reportStep(Reporter.java:80)
at com.framework.utils.Reporter.reportStep(Reporter.java:107)
at com.framework.selenium.api.base.SeleniumBase.takeSnap(SeleniumBase.java:854)
at com.framework.utils.Reporter.reportStep(Reporter.java:80)
at com.framework.utils.Reporter.reportStep(Reporter.java:107)
at com.framework.selenium.api.base.SeleniumBase.takeSnap(SeleniumBase.java:854)
at com.framework.utils.Reporter.reportStep(Reporter.java:80)
at com.framework.utils.Reporter.reportStep(Reporter.java:107)
at com.framework.selenium.api.base.SeleniumBase.takeSnap(SeleniumBase.java:854)
at com.framework.utils.Reporter.reportStep(Reporter.java:80)
at com.framework.utils.Reporter.reportStep(Reporter.java:107)
at com.framework.selenium.api.base.SeleniumBase.takeSnap(SeleniumBase.java:854)
at com.framework.utils.Reporter.reportStep(Reporter.java:80)
at com.framework.utils.Reporter.reportStep(Reporter.java:107)
at com.framework.selenium.api.base.SeleniumBase.takeSnap(SeleniumBase.java:854)
at com.framework.utils.Reporter.reportStep(Reporter.java:80)
at com.framework.utils.Reporter.reportStep(Reporter.java:107)
at com.framework.selenium.api.base.SeleniumBase.takeSnap(SeleniumBase.java:854)
at com.framework.utils.Reporter.reportStep(Reporter.java:80)
at com.framework.utils.Reporter.reportStep(Reporter.java:107)
at com.framework.selenium.api.base.SeleniumBase.takeSnap(SeleniumBase.java:854)
at com.framework.utils.Reporter.reportStep(Reporter.java:80)
at com.framework.utils.Reporter.reportStep(Reporter.java:107)
at com.framework.selenium.api.base.SeleniumBase.takeSnap(SeleniumBase.java:854)
at com.framework.utils.Reporter.reportStep(Reporter.java:80)
at com.framework.utils.Reporter.reportStep(Reporter.java:107)
at com.framework.selenium.api.base.SeleniumBase.takeSnap(SeleniumBase.java:854)
at com.framework.utils.Reporter.reportStep(Reporter.java:80)
at com.framework.utils.Reporter.reportStep(Reporter.java:107)
at com.framework.selenium.api.base.SeleniumBase.takeSnap(SeleniumBase.java:854)
at com.framework.utils.Reporter.reportStep(Reporter.java:80)
at com.framework.utils.Reporter.reportStep(Reporter.java:107)
at com.framework.selenium.api.base.SeleniumBase.takeSnap(SeleniumBase.java:854)
at com.framework.utils.Reporter.reportStep(Reporter.java:80)
at com.framework.utils.Reporter.reportStep(Reporter.java:107)
at com.framework.selenium.api.base.SeleniumBase.takeSnap(SeleniumBase.java:854)
at com.framework.utils.Reporter.reportStep(Reporter.java:80)
at com.framework.utils.Reporter.reportStep(Reporter.java:107)
at com.framework.selenium.api.base.SeleniumBase.takeSnap(SeleniumBase.java:854)
at com.framework.utils.Reporter.reportStep(Reporter.java:80)
at com.framework.utils.Reporter.reportStep(Reporter.java:107)
at com.framework.selenium.api.base.SeleniumBase.takeSnap(SeleniumBase.java:854)
at com.framework.utils.Reporter.reportStep(Reporter.java:80)
at com.framework.utils.Reporter.reportStep(Reporter.java:107)
at com.framework.selenium.api.base.SeleniumBase.takeSnap(SeleniumBase.java:854)
at com.framework.utils.Reporter.reportStep(Reporter.java:80)
at com.framework.utils.Reporter.reportStep(Reporter.java:107)
at com.framework.selenium.api.base.SeleniumBase.takeSnap(SeleniumBase.java:854)
at com.framework.utils.Reporter.reportStep(Reporter.java:80)
at com.framework.utils.Reporter.reportStep(Reporter.java:107)
at com.framework.selenium.api.base.SeleniumBase.takeSnap(SeleniumBase.java:854)
at com.framework.utils.Reporter.reportStep(Reporter.java:80)
at com.framework.utils.Reporter.reportStep(Reporter.java:107)
at com.framework.selenium.api.base.SeleniumBase.takeSnap(SeleniumBase.java:854)
at com.framework.utils.Reporter.reportStep(Reporter.java:80)
at com.framework.utils.Reporter.reportStep(Reporter.java:107)
at com.framework.selenium.api.base.SeleniumBase.takeSnap(SeleniumBase.java:854)
at com.framework.utils.Reporter.reportStep(Reporter.java:80)
at com.framework.utils.Reporter.reportStep(Reporter.java:107)
at com.framework.selenium.api.base.SeleniumBase.takeSnap(SeleniumBase.java:854)
at com.framework.utils.Reporter.reportStep(Reporter.java:80)
at com.framework.utils.Reporter.reportStep(Reporter.java:107)
at com.framework.selenium.api.base.SeleniumBase.takeSnap(SeleniumBase.java:854)
at com.framework.utils.Reporter.reportStep(Reporter.java:80)
at com.framework.utils.Reporter.reportStep(Reporter.java:107)
at com.framework.selenium.api.base.SeleniumBase.takeSnap(SeleniumBase.java:854)
at com.framework.utils.Reporter.reportStep(Reporter.java:80)
at com.framework.utils.Reporter.reportStep(Reporter.java:107)
at com.framework.selenium.api.base.SeleniumBase.takeSnap(SeleniumBase.java:854)
at com.framework.utils.Reporter.reportStep(Reporter.java:80)
at com.framework.utils.Reporter.reportStep(Reporter.java:107)
at com.framework.selenium.api.base.SeleniumBase.takeSnap(SeleniumBase.java:854)
at com.framework.utils.Reporter.reportStep(Reporter.java:80)
at com.framework.utils.Reporter.reportStep(Reporter.java:107)
at com.framework.selenium.api.base.SeleniumBase.takeSnap(SeleniumBase.java:854)
at com.framework.utils.Reporter.reportStep(Reporter.java:80)
at com.framework.utils.Reporter.reportStep(Reporter.java:107)
at com.framework.selenium.api.base.SeleniumBase.takeSnap(SeleniumBase.java:854)
at com.framework.utils.Reporter.reportStep(Reporter.java:80)
at com.framework.utils.Reporter.reportStep(Reporter.java:107)
at com.framework.selenium.api.base.SeleniumBase.takeSnap(SeleniumBase.java:854)
at com.framework.utils.Reporter.reportStep(Reporter.java:80)
at com.framework.utils.Reporter.reportStep(Reporter.java:107)
at com.framework.selenium.api.base.SeleniumBase.takeSnap(SeleniumBase.java:854)
at com.framework.utils.Reporter.reportStep(Reporter.java:80)
at com.framework.utils.Reporter.reportStep(Reporter.java:107)
at com.framework.selenium.api.base.SeleniumBase.takeSnap(SeleniumBase.java:854)
at com.framework.utils.Reporter.reportStep(Reporter.java:80)
at com.framework.utils.Reporter.reportStep(Reporter.java:107)
at com.framework.selenium.api.base.SeleniumBase.takeSnap(SeleniumBase.java:854)
at com.framework.utils.Reporter.reportStep(Reporter.java:80)
at com.framework.utils.Reporter.reportStep(Reporter.java:107)
at com.framework.selenium.api.base.SeleniumBase.takeSnap(SeleniumBase.java:854)
at com.framework.utils.Reporter.reportStep(Reporter.java:80)
at com.framework.utils.Reporter.reportStep(Reporter.java:107)
at com.framework.selenium.api.base.SeleniumBase.takeSnap(SeleniumBase.java:854)
at com.framework.utils.Reporter.reportStep(Reporter.java:80)
at com.framework.utils.Reporter.reportStep(Reporter.java:107)
at com.framework.selenium.api.base.SeleniumBase.takeSnap(SeleniumBase.java:854)
at com.framework.utils.Reporter.reportStep(Reporter.java:80)
at com.framework.utils.Reporter.reportStep(Reporter.java:107)
at com.framework.selenium.api.base.SeleniumBase.takeSnap(SeleniumBase.java:854)
at com.framework.utils.Reporter.reportStep(Reporter.java:80)
at com.framework.utils.Reporter.reportStep(Reporter.java:107)
at com.framework.selenium.api.base.SeleniumBase.takeSnap(SeleniumBase.java:854)
at com.framework.utils.Reporter.reportStep(Reporter.java:80)
at com.framework.utils.Reporter.reportStep(Reporter.java:107)
at com.framework.selenium.api.base.SeleniumBase.takeSnap(SeleniumBase.java:854)
at com.framework.utils.Reporter.reportStep(Reporter.java:80)
at com.framework.utils.Reporter.reportStep(Reporter.java:107)
at com.framework.selenium.api.base.SeleniumBase.takeSnap(SeleniumBase.java:854)
at com.framework.utils.Reporter.reportStep(Reporter.java:80)
at com.framework.utils.Reporter.reportStep(Reporter.java:107)
at com.framework.selenium.api.base.SeleniumBase.takeSnap(SeleniumBase.java:854)
at com.framework.utils.Reporter.reportStep(Reporter.java:80)
at com.framework.utils.Reporter.reportStep(Reporter.java:107)
at com.framework.selenium.api.base.SeleniumBase.takeSnap(SeleniumBase.java:854)
at com.framework.utils.Reporter.reportStep(Reporter.java:80)
at com.framework.utils.Reporter.reportStep(Reporter.java:107)
at com.framework.selenium.api.base.SeleniumBase.takeSnap(SeleniumBase.java:854)
at com.framework.utils.Reporter.reportStep(Reporter.java:80)
at com.framework.utils.Reporter.reportStep(Reporter.java:107)
at com.framework.selenium.api.base.SeleniumBase.takeSnap(SeleniumBase.java:854)
at com.framework.utils.Reporter.reportStep(Reporter.java:80)
at com.framework.utils.Reporter.reportStep(Reporter.java:107)
at com.framework.selenium.api.base.SeleniumBase.takeSnap(SeleniumBase.java:854)
at com.framework.utils.Reporter.reportStep(Reporter.java:80)
at com.framework.utils.Reporter.reportStep(Reporter.java:107)
at com.framework.selenium.api.base.SeleniumBase.takeSnap(SeleniumBase.java:854)
at com.framework.utils.Reporter.reportStep(Reporter.java:80)
at com.framework.utils.Reporter.reportStep(Reporter.java:107)
at com.framework.selenium.api.base.SeleniumBase.takeSnap(SeleniumBase.java:854)
at com.framework.utils.Reporter.reportStep(Reporter.java:80)
at com.framework.utils.Reporter.reportStep(Reporter.java:107)
at com.framework.selenium.api.base.SeleniumBase.takeSnap(SeleniumBase.java:854)
at com.framework.utils.Reporter.reportStep(Reporter.java:80)
at com.framework.utils.Reporter.reportStep(Reporter.java:107)
at com.framework.selenium.api.base.SeleniumBase.takeSnap(SeleniumBase.java:854)
at com.framework.utils.Reporter.reportStep(Reporter.java:80)
at com.framework.utils.Reporter.reportStep(Reporter.java:107)
at com.framework.selenium.api.base.SeleniumBase.takeSnap(SeleniumBase.java:854)
at com.framework.utils.Reporter.reportStep(Reporter.java:80)
at com.framework.utils.Reporter.reportStep(Reporter.java:107)
at com.framework.selenium.api.base.SeleniumBase.takeSnap(SeleniumBase.java:854)
at com.framework.utils.Reporter.reportStep(Reporter.java:80)
at com.framework.utils.Reporter.reportStep(Reporter.java:107)
at com.framework.selenium.api.base.SeleniumBase.takeSnap(SeleniumBase.java:854)
at com.framework.utils.Reporter.reportStep(Reporter.java:80)
at com.framework.utils.Reporter.reportStep(Reporter.java:107)
at com.framework.selenium.api.base.SeleniumBase.takeSnap(SeleniumBase.java:854)
at com.framework.utils.Reporter.reportStep(Reporter.java:80)
at com.framework.utils.Reporter.reportStep(Reporter.java:107)
at com.framework.selenium.api.base.SeleniumBase.takeSnap(SeleniumBase.java:854)
at com.framework.utils.Reporter.reportStep(Reporter.java:80)
at com.framework.utils.Reporter.reportStep(Reporter.java:107)
at com.framework.selenium.api.base.SeleniumBase.takeSnap(SeleniumBase.java:854)
at com.framework.utils.Reporter.reportStep(Reporter.java:80)
at com.framework.utils.Reporter.reportStep(Reporter.java:107)
at com.framework.selenium.api.base.SeleniumBase.takeSnap(SeleniumBase.java:854)
at com.framework.utils.Reporter.reportStep(Reporter.java:80)
at com.framework.utils.Reporter.reportStep(Reporter.java:107)
at com.framework.selenium.api.base.SeleniumBase.takeSnap(SeleniumBase.java:854)
at com.framework.utils.Reporter.reportStep(Reporter.java:80)
at com.framework.utils.Reporter.reportStep(Reporter.java:107)
at com.framework.selenium.api.base.SeleniumBase.takeSnap(SeleniumBase.java:854)
at com.framework.utils.Reporter.reportStep(Reporter.java:80)
at com.framework.utils.Reporter.reportStep(Reporter.java:107)
at com.framework.selenium.api.base.SeleniumBase.takeSnap(SeleniumBase.java:854)
at com.framework.utils.Reporter.reportStep(Reporter.java:80)
at com.framework.utils.Reporter.reportStep(Reporter.java:107)
at com.framework.selenium.api.base.SeleniumBase.takeSnap(SeleniumBase.java:854)
at com.framework.utils.Reporter.reportStep(Reporter.java:80)
at com.framework.utils.Reporter.reportStep(Reporter.java:107)
at com.framework.selenium.api.base.SeleniumBase.takeSnap(SeleniumBase.java:854)
at com.framework.utils.Reporter.reportStep(Reporter.java:80)
at com.framework.utils.Reporter.reportStep(Reporter.java:107)
at com.framework.selenium.api.base.SeleniumBase.takeSnap(SeleniumBase.java:854)
at com.framework.utils.Reporter.reportStep(Reporter.java:80)
at com.framework.utils.Reporter.reportStep(Reporter.java:107)
at com.framework.selenium.api.base.SeleniumBase.takeSnap(SeleniumBase.java:854)
at com.framework.utils.Reporter.reportStep(Reporter.java:80)
at com.framework.utils.Reporter.reportStep(Reporter.java:107)
at com.framework.selenium.api.base.SeleniumBase.takeSnap(SeleniumBase.java:854)
at com.framework.utils.Reporter.reportStep(Reporter.java:80)
at com.framework.utils.Reporter.reportStep(Reporter.java:107)
at com.framework.selenium.api.base.SeleniumBase.takeSnap(SeleniumBase.java:854)
at com.framework.utils.Reporter.reportStep(Reporter.java:80)
at com.framework.utils.Reporter.reportStep(Reporter.java:107)
at com.framework.selenium.api.base.SeleniumBase.takeSnap(SeleniumBase.java:854)
at com.framework.utils.Reporter.reportStep(Reporter.java:80)
at com.framework.utils.Reporter.reportStep(Reporter.java:107)
at com.framework.selenium.api.base.SeleniumBase.takeSnap(SeleniumBase.java:854)
at com.framework.utils.Reporter.reportStep(Reporter.java:80)
at com.framework.utils.Reporter.reportStep(Reporter.java:107)
at com.framework.selenium.api.base.SeleniumBase.takeSnap(SeleniumBase.java:854)
at com.framework.utils.Reporter.reportStep(Reporter.java:80)
at com.framework.utils.Reporter.reportStep(Reporter.java:107)
at com.framework.selenium.api.base.SeleniumBase.takeSnap(SeleniumBase.java:854)
at com.framework.utils.Reporter.reportStep(Reporter.java:80)
at com.framework.utils.Reporter.reportStep(Reporter.java:107)
at com.framework.selenium.api.base.SeleniumBase.takeSnap(SeleniumBase.java:854)
at com.framework.utils.Reporter.reportStep(Reporter.java:80)
at com.framework.utils.Reporter.reportStep(Reporter.java:107)
at com.framework.selenium.api.base.SeleniumBase.takeSnap(SeleniumBase.java:854)
at com.framework.utils.Reporter.reportStep(Reporter.java:80)
at com.framework.utils.Reporter.reportStep(Reporter.java:107)
at com.framework.selenium.api.base.SeleniumBase.takeSnap(SeleniumBase.java:854)
at com.framework.utils.Reporter.reportStep(Reporter.java:80)
at com.framework.utils.Reporter.reportStep(Reporter.java:107)
at com.framework.selenium.api.base.SeleniumBase.takeSnap(SeleniumBase.java:854)
at com.framework.utils.Reporter.reportStep(Reporter.java:80)
at com.framework.utils.Reporter.reportStep(Reporter.java:107)
at com.framework.selenium.api.base.SeleniumBase.takeSnap(SeleniumBase.java:854)
at com.framework.utils.Reporter.reportStep(Reporter.java:80)
at com.framework.utils.Reporter.reportStep(Reporter.java:107)
at com.framework.selenium.api.base.SeleniumBase.takeSnap(SeleniumBase.java:854)
at com.framework.utils.Reporter.reportStep(Reporter.java:80)
at com.framework.utils.Reporter.reportStep(Reporter.java:107)
at com.framework.selenium.api.base.SeleniumBase.takeSnap(SeleniumBase.java:854)
at com.framework.utils.Reporter.reportStep(Reporter.java:80)
at com.framework.utils.Reporter.reportStep(Reporter.java:107)
at com.framework.selenium.api.base.SeleniumBase.takeSnap(SeleniumBase.java:854)
at com.framework.utils.Reporter.reportStep(Reporter.java:80)
at com.framework.utils.Reporter.reportStep(Reporter.java:107)
at com.framework.selenium.api.base.SeleniumBase.takeSnap(SeleniumBase.java:854)
at com.framework.utils.Reporter.reportStep(Reporter.java:80)
at com.framework.utils.Reporter.reportStep(Reporter.java:107)
at com.framework.selenium.api.base.SeleniumBase.takeSnap(SeleniumBase.java:854)
at com.framework.utils.Reporter.reportStep(Reporter.java:80)
at com.framework.utils.Reporter.reportStep(Reporter.java:107)
at com.framework.selenium.api.base.SeleniumBase.takeSnap(SeleniumBase.java:854)
at com.framework.utils.Reporter.reportStep(Reporter.java:80)
at com.framework.utils.Reporter.reportStep(Reporter.java:107)
at com.framework.selenium.api.base.SeleniumBase.takeSnap(SeleniumBase.java:854)
at com.framework.utils.Reporter.reportStep(Reporter.java:80)
at com.framework.utils.Reporter.reportStep(Reporter.java:107)
at com.framework.selenium.api.base.SeleniumBase.takeSnap(SeleniumBase.java:854)
at com.framework.utils.Reporter.reportStep(Reporter.java:80)
at com.framework.utils.Reporter.reportStep(Reporter.java:107)
at com.framework.selenium.api.base.SeleniumBase.takeSnap(SeleniumBase.java:854)
at com.framework.utils.Reporter.reportStep(Reporter.java:80)
at com.framework.utils.Reporter.reportStep(Reporter.java:107)
at com.framework.selenium.api.base.SeleniumBase.takeSnap(SeleniumBase.java:854)
at com.framework.utils.Reporter.reportStep(Reporter.java:80)
at com.framework.utils.Reporter.reportStep(Reporter.java:107)
at com.framework.selenium.api.base.SeleniumBase.takeSnap(SeleniumBase.java:854)
at com.framework.utils.Reporter.reportStep(Reporter.java:80)
at com.framework.utils.Reporter.reportStep(Reporter.java:107)
at com.framework.selenium.api.base.SeleniumBase.takeSnap(SeleniumBase.java:854)
at com.framework.utils.Reporter.reportStep(Reporter.java:80)
at com.framework.utils.Reporter.reportStep(Reporter.java:107)
at com.framework.selenium.api.base.SeleniumBase.takeSnap(SeleniumBase.java:854)
at com.framework.utils.Reporter.reportStep(Reporter.java:80)
at com.framework.utils.Reporter.reportStep(Reporter.java:107)
at com.framework.selenium.api.base.SeleniumBase.takeSnap(SeleniumBase.java:854)
at com.framework.utils.Reporter.reportStep(Reporter.java:80)
at com.framework.utils.Reporter.reportStep(Reporter.java:107)
at com.framework.selenium.api.base.SeleniumBase.takeSnap(SeleniumBase.java:854)
at com.framework.utils.Reporter.reportStep(Reporter.java:80)
at com.framework.utils.Reporter.reportStep(Reporter.java:107)
at com.framework.selenium.api.base.SeleniumBase.takeSnap(SeleniumBase.java:854)
at com.framework.utils.Reporter.reportStep(Reporter.java:80)
at com.framework.utils.Reporter.reportStep(Reporter.java:107)
at com.framework.selenium.api.base.SeleniumBase.takeSnap(SeleniumBase.java:854)
at com.framework.utils.Reporter.reportStep(Reporter.java:80)
at com.framework.utils.Reporter.reportStep(Reporter.java:107)
at com.framework.selenium.api.base.SeleniumBase.takeSnap(SeleniumBase.java:854)
at com.framework.utils.Reporter.reportStep(Reporter.java:80)
at com.framework.utils.Reporter.reportStep(Reporter.java:107)
at com.framework.selenium.api.base.SeleniumBase.takeSnap(SeleniumBase.java:854)
at com.framework.utils.Reporter.reportStep(Reporter.java:80)
at com.framework.utils.Reporter.reportStep(Reporter.java:107)
at com.framework.selenium.api.base.SeleniumBase.takeSnap(SeleniumBase.java:854)
at com.framework.utils.Reporter.reportStep(Reporter.java:80)
at com.framework.utils.Reporter.reportStep(Reporter.java:107)
at com.framework.selenium.api.base.SeleniumBase.takeSnap(SeleniumBase.java:854)
at com.framework.utils.Reporter.reportStep(Reporter.java:80)
at com.framework.utils.Reporter.reportStep(Reporter.java:107)
at com.framework.selenium.api.base.SeleniumBase.takeSnap(SeleniumBase.java:854)
at com.framework.utils.Reporter.reportStep(Reporter.java:80)
at com.framework.utils.Reporter.reportStep(Reporter.java:107)
at com.framework.selenium.api.base.SeleniumBase.takeSnap(SeleniumBase.java:854)
at com.framework.utils.Reporter.reportStep(Reporter.java:80)
at com.framework.utils.Reporter.reportStep(Reporter.java:107)
at com.framework.selenium.api.base.SeleniumBase.takeSnap(SeleniumBase.java:854)
at com.framework.utils.Reporter.reportStep(Reporter.java:80)
at com.framework.utils.Reporter.reportStep(Reporter.java:107)
at com.framework.selenium.api.base.SeleniumBase.takeSnap(SeleniumBase.java:854)
at com.framework.utils.Reporter.reportStep(Reporter.java:80)
at com.framework.utils.Reporter.reportStep(Reporter.java:107)
at com.framework.selenium.api.base.SeleniumBase.takeSnap(SeleniumBase.java:854)
at com.framework.utils.Reporter.reportStep(Reporter.java:80)
at com.framework.utils.Reporter.reportStep(Reporter.java:107)
at com.framework.selenium.api.base.SeleniumBase.takeSnap(SeleniumBase.java:854)
at com.framework.utils.Reporter.reportStep(Reporter.java:80)
at com.framework.utils.Reporter.reportStep(Reporter.java:107)
at com.framework.selenium.api.base.SeleniumBase.takeSnap(SeleniumBase.java:854)
at com.framework.utils.Reporter.reportStep(Reporter.java:80)
at com.framework.utils.Reporter.reportStep(Reporter.java:107)
at com.framework.selenium.api.base.SeleniumBase.takeSnap(SeleniumBase.java:854)
at com.framework.utils.Reporter.reportStep(Reporter.java:80)
at com.framework.utils.Reporter.reportStep(Reporter.java:107)
at com.framework.selenium.api.base.SeleniumBase.takeSnap(SeleniumBase.java:854)
at com.framework.utils.Reporter.reportStep(Reporter.java:80)
at com.framework.utils.Reporter.reportStep(Reporter.java:107)
at com.framework.selenium.api.base.SeleniumBase.takeSnap(SeleniumBase.java:854)
at com.framework.utils.Reporter.reportStep(Reporter.java:80)
at com.framework.utils.Reporter.reportStep(Reporter.java:107)
at com.framework.selenium.api.base.SeleniumBase.takeSnap(SeleniumBase.java:854)
at com.framework.utils.Reporter.reportStep(Reporter.java:80)
at com.framework.utils.Reporter.reportStep(Reporter.java:107)
at com.framework.selenium.api.base.SeleniumBase.takeSnap(SeleniumBase.java:854)
at com.framework.utils.Reporter.reportStep(Reporter.java:80)
at com.framework.utils.Reporter.reportStep(Reporter.java:107)
at com.framework.selenium.api.base.SeleniumBase.takeSnap(SeleniumBase.java:854)
at com.framework.utils.Reporter.reportStep(Reporter.java:80)
at com.framework.utils.Reporter.reportStep(Reporter.java:107)
at com.framework.selenium.api.base.SeleniumBase.takeSnap(SeleniumBase.java:854)
at com.framework.utils.Reporter.reportStep(Reporter.java:80)
at com.framework.utils.Reporter.reportStep(Reporter.java:107)
at com.framework.selenium.api.base.SeleniumBase.takeSnap(SeleniumBase.java:854)
at com.framework.utils.Reporter.reportStep(Reporter.java:80)
at com.framework.utils.Reporter.reportStep(Reporter.java:107)
at com.framework.selenium.api.base.SeleniumBase.takeSnap(SeleniumBase.java:854)
at com.framework.utils.Reporter.reportStep(Reporter.java:80)
at com.framework.utils.Reporter.reportStep(Reporter.java:107)
at com.framework.selenium.api.base.SeleniumBase.takeSnap(SeleniumBase.java:854)
at com.framework.utils.Reporter.reportStep(Reporter.java:80)
at com.framework.utils.Reporter.reportStep(Reporter.java:107)
at com.framework.selenium.api.base.SeleniumBase.takeSnap(SeleniumBase.java:854)
at com.framework.utils.Reporter.reportStep(Reporter.java:80)
at com.framework.utils.Reporter.reportStep(Reporter.java:107)
at com.framework.selenium.api.base.SeleniumBase.takeSnap(SeleniumBase.java:854)
at com.framework.utils.Reporter.reportStep(Reporter.java:80)
at com.framework.utils.Reporter.reportStep(Reporter.java:107)
at com.framework.selenium.api.base.SeleniumBase.takeSnap(SeleniumBase.java:854)
at com.framework.utils.Reporter.reportStep(Reporter.java:80)
at com.framework.utils.Reporter.reportStep(Reporter.java:107)
at com.framework.selenium.api.base.SeleniumBase.takeSnap(SeleniumBase.java:854)
at com.framework.utils.Reporter.reportStep(Reporter.java:80)
at com.framework.utils.Reporter.reportStep(Reporter.java:107)
at com.framework.selenium.api.base.SeleniumBase.takeSnap(SeleniumBase.java:854)
at com.framework.utils.Reporter.reportStep(Reporter.java:80)
at com.framework.utils.Reporter.reportStep(Reporter.java:107)
at com.framework.selenium.api.base.SeleniumBase.takeSnap(SeleniumBase.java:854)
at com.framework.utils.Reporter.reportStep(Reporter.java:80)
at com.framework.utils.Reporter.reportStep(Reporter.java:107)
at com.framework.selenium.api.base.SeleniumBase.takeSnap(SeleniumBase.java:854)
at com.framework.utils.Reporter.reportStep(Reporter.java:80)
at com.framework.utils.Reporter.reportStep(Reporter.java:107)
at com.framework.selenium.api.base.SeleniumBase.takeSnap(SeleniumBase.java:854)
at com.framework.utils.Reporter.reportStep(Reporter.java:80)
at com.framework.utils.Reporter.reportStep(Reporter.java:107)
at com.framework.selenium.api.base.SeleniumBase.takeSnap(SeleniumBase.java:854)
at com.framework.utils.Reporter.reportStep(Reporter.java:80)
at com.framework.utils.Reporter.reportStep(Reporter.java:107)
at com.framework.selenium.api.base.SeleniumBase.takeSnap(SeleniumBase.java:854)
at com.framework.utils.Reporter.reportStep(Reporter.java:80)
at com.framework.utils.Reporter.reportStep(Reporter.java:107)
at com.framework.selenium.api.base.SeleniumBase.takeSnap(SeleniumBase.java:854)
at com.framework.utils.Reporter.reportStep(Reporter.java:80)
at com.framework.utils.Reporter.reportStep(Reporter.java:107)
at com.framework.selenium.api.base.SeleniumBase.takeSnap(SeleniumBase.java:854)
at com.framework.utils.Reporter.reportStep(Reporter.java:80)
at com.framework.utils.Reporter.reportStep(Reporter.java:107)
at com.framework.selenium.api.base.SeleniumBase.takeSnap(SeleniumBase.java:854)
at com.framework.utils.Reporter.reportStep(Reporter.java:80)
at com.framework.utils.Reporter.reportStep(Reporter.java:107)
at com.framework.selenium.api.base.SeleniumBase.takeSnap(SeleniumBase.java:854)
at com.framework.utils.Reporter.reportStep(Reporter.java:80)
at com.framework.utils.Reporter.reportStep(Reporter.java:107)
at com.framework.selenium.api.base.SeleniumBase.takeSnap(SeleniumBase.java:854)
at com.framework.utils.Reporter.reportStep(Reporter.java:80)
at com.framework.utils.Reporter.reportStep(Reporter.java:107)
at com.framework.selenium.api.base.SeleniumBase.takeSnap(SeleniumBase.java:854)
at com.framework.utils.Reporter.reportStep(Reporter.java:80)
at com.framework.utils.Reporter.reportStep(Reporter.java:107)
at com.framework.selenium.api.base.SeleniumBase.takeSnap(SeleniumBase.java:854)
at com.framework.utils.Reporter.reportStep(Reporter.java:80)
at com.framework.utils.Reporter.reportStep(Reporter.java:107)
at com.framework.selenium.api.base.SeleniumBase.takeSnap(SeleniumBase.java:854)
at com.framework.utils.Reporter.reportStep(Reporter.java:80)
at com.framework.utils.Reporter.reportStep(Reporter.java:107)
at com.framework.selenium.api.base.SeleniumBase.takeSnap(SeleniumBase.java:854)
at com.framework.utils.Reporter.reportStep(Reporter.java:80)
at com.framework.utils.Reporter.reportStep(Reporter.java:107)
at com.framework.selenium.api.base.SeleniumBase.takeSnap(SeleniumBase.java:854)
at com.framework.utils.Reporter.reportStep(Reporter.java:80)
at com.framework.utils.Reporter.reportStep(Reporter.java:107)
at com.framework.selenium.api.base.SeleniumBase.takeSnap(SeleniumBase.java:854)
at com.framework.utils.Reporter.reportStep(Reporter.java:80)
at com.framework.utils.Reporter.reportStep(Reporter.java:107)
at com.framework.selenium.api.base.SeleniumBase.takeSnap(SeleniumBase.java:854)
at com.framework.utils.Reporter.reportStep(Reporter.java:80)
at com.framework.utils.Reporter.reportStep(Reporter.java:107)
at com.framework.selenium.api.base.SeleniumBase.takeSnap(SeleniumBase.java:854)
at com.framework.utils.Reporter.reportStep(Reporter.java:80)
at com.framework.utils.Reporter.reportStep(Reporter.java:107)
at com.framework.selenium.api.base.SeleniumBase.takeSnap(SeleniumBase.java:854)
at com.framework.utils.Reporter.reportStep(Reporter.java:80)
at com.framework.utils.Reporter.reportStep(Reporter.java:107)
at com.framework.selenium.api.base.SeleniumBase.takeSnap(SeleniumBase.java:854)
at com.framework.utils.Reporter.reportStep(Reporter.java:80)
at com.framework.utils.Reporter.reportStep(Reporter.java:107)
at com.framework.selenium.api.base.SeleniumBase.takeSnap(SeleniumBase.java:854)
at com.framework.utils.Reporter.reportStep(Reporter.java:80)
at com.framework.utils.Reporter.reportStep(Reporter.java:107)
at com.framework.selenium.api.base.SeleniumBase.takeSnap(SeleniumBase.java:854)
at com.framework.utils.Reporter.reportStep(Reporter.java:80)
at com.framework.utils.Reporter.reportStep(Reporter.java:107)
at com.framework.selenium.api.base.SeleniumBase.takeSnap(SeleniumBase.java:854)
at com.framework.utils.Reporter.reportStep(Reporter.java:80)
at com.framework.utils.Reporter.reportStep(Reporter.java:107)
at com.framework.selenium.api.base.SeleniumBase.takeSnap(SeleniumBase.java:854)
at com.framework.utils.Reporter.reportStep(Reporter.java:80)
at com.framework.utils.Reporter.reportStep(Reporter.java:107)
at com.framework.selenium.api.base.SeleniumBase.takeSnap(SeleniumBase.java:854)
at com.framework.utils.Reporter.reportStep(Reporter.java:80)
at com.framework.utils.Reporter.reportStep(Reporter.java:107)
at com.framework.selenium.api.base.SeleniumBase.takeSnap(SeleniumBase.java:854)
at com.framework.utils.Reporter.reportStep(Reporter.java:80)
at com.framework.utils.Reporter.reportStep(Reporter.java:107)
at com.framework.selenium.api.base.SeleniumBase.takeSnap(SeleniumBase.java:854)
at com.framework.utils.Reporter.reportStep(Reporter.java:80)
at com.framework.utils.Reporter.reportStep(Reporter.java:107)
at com.framework.selenium.api.base.SeleniumBase.takeSnap(SeleniumBase.java:854)
at com.framework.utils.Reporter.reportStep(Reporter.java:80)
at com.framework.utils.Reporter.reportStep(Reporter.java:107)
at com.framework.selenium.api.base.SeleniumBase.takeSnap(SeleniumBase.java:854)
at com.framework.utils.Reporter.reportStep(Reporter.java:80)
at com.framework.utils.Reporter.reportStep(Reporter.java:107)
at com.framework.selenium.api.base.SeleniumBase.takeSnap(SeleniumBase.java:854)
at com.framework.utils.Reporter.reportStep(Reporter.java:80)
at com.framework.utils.Reporter.reportStep(Reporter.java:107)
at com.framework.selenium.api.base.SeleniumBase.takeSnap(SeleniumBase.java:854)
at com.framework.utils.Reporter.reportStep(Reporter.java:80)
at com.framework.utils.Reporter.reportStep(Reporter.java:107)
at com.framework.selenium.api.base.SeleniumBase.takeSnap(SeleniumBase.java:854)
at com.framework.utils.Reporter.reportStep(Reporter.java:80)
at com.framework.utils.Reporter.reportStep(Reporter.java:107)
at com.framework.selenium.api.base.SeleniumBase.takeSnap(SeleniumBase.java:854)
at com.framework.utils.Reporter.reportStep(Reporter.java:80)
at com.framework.utils.Reporter.reportStep(Reporter.java:107)
at com.framework.selenium.api.base.SeleniumBase.takeSnap(SeleniumBase.java:854)
at com.framework.utils.Reporter.reportStep(Reporter.java:80)
at com.framework.utils.Reporter.reportStep(Reporter.java:107)
at com.framework.selenium.api.base.SeleniumBase.takeSnap(SeleniumBase.java:854)
at com.framework.utils.Reporter.reportStep(Reporter.java:80)
at com.framework.utils.Reporter.reportStep(Reporter.java:107)
at com.framework.selenium.api.base.SeleniumBase.takeSnap(SeleniumBase.java:854)
at com.framework.utils.Reporter.reportStep(Reporter.java:80)
at com.framework.utils.Reporter.reportStep(Reporter.java:107)
at com.framework.selenium.api.base.SeleniumBase.takeSnap(SeleniumBase.java:854)
at com.framework.utils.Reporter.reportStep(Reporter.java:80)
at com.framework.utils.Reporter.reportStep(Reporter.java:107)
at com.framework.selenium.api.base.SeleniumBase.takeSnap(SeleniumBase.java:854)
at com.framework.utils.Reporter.reportStep(Reporter.java:80)
at com.framework.utils.Reporter.reportStep(Reporter.java:107)
at com.framework.selenium.api.base.SeleniumBase.takeSnap(SeleniumBase.java:854)
at com.framework.utils.Reporter.reportStep(Reporter.java:80)
at com.framework.utils.Reporter.reportStep(Reporter.java:107)
at com.framework.selenium.api.base.SeleniumBase.takeSnap(SeleniumBase.java:854)
at com.framework.utils.Reporter.reportStep(Reporter.java:80)
at com.framework.utils.Reporter.reportStep(Reporter.java:107)
at com.framework.selenium.api.base.SeleniumBase.takeSnap(SeleniumBase.java:854)
at com.framework.utils.Reporter.reportStep(Reporter.java:80)
at com.framework.utils.Reporter.reportStep(Reporter.java:107)
at com.framework.selenium.api.base.SeleniumBase.takeSnap(SeleniumBase.java:854)
at com.framework.utils.Reporter.reportStep(Reporter.java:80)
at com.framework.utils.Reporter.reportStep(Reporter.java:107)
at com.framework.selenium.api.base.SeleniumBase.takeSnap(SeleniumBase.java:854)
at com.framework.utils.Reporter.reportStep(Reporter.java:80)
at com.framework.utils.Reporter.reportStep(Reporter.java:107)
at com.framework.selenium.api.base.SeleniumBase.takeSnap(SeleniumBase.java:854)
at com.framework.utils.Reporter.reportStep(Reporter.java:80)
at com.framework.utils.Reporter.reportStep(Reporter.java:107)
at com.framework.selenium.api.base.SeleniumBase.takeSnap(SeleniumBase.java:854)
at com.framework.utils.Reporter.reportStep(Reporter.java:80)
at com.framework.utils.Reporter.reportStep(Reporter.java:107)
at com.framework.selenium.api.base.SeleniumBase.takeSnap(SeleniumBase.java:854)
at com.framework.utils.Reporter.reportStep(Reporter.java:80)
at com.framework.utils.Reporter.reportStep(Reporter.java:107)
at com.framework.selenium.api.base.SeleniumBase.takeSnap(SeleniumBase.java:854)
at com.framework.utils.Reporter.reportStep(Reporter.java:80)
at com.framework.utils.Reporter.reportStep(Reporter.java:107)
at com.framework.selenium.api.base.SeleniumBase.takeSnap(SeleniumBase.java:854)
at com.framework.utils.Reporter.reportStep(Reporter.java:80)
at com.framework.utils.Reporter.reportStep(Reporter.java:107)
at com.framework.selenium.api.base.SeleniumBase.takeSnap(SeleniumBase.java:854)
at com.framework.utils.Reporter.reportStep(Reporter.java:80)
at com.framework.utils.Reporter.reportStep(Reporter.java:107)
at com.framework.selenium.api.base.SeleniumBase.takeSnap(SeleniumBase.java:854)
at com.framework.utils.Reporter.reportStep(Reporter.java:80)
at com.framework.utils.Reporter.reportStep(Reporter.java:107)
at com.framework.selenium.api.base.SeleniumBase.takeSnap(SeleniumBase.java:854)
at com.framework.utils.Reporter.reportStep(Reporter.java:80)
at com.framework.utils.Reporter.reportStep(Reporter.java:107)
at com.framework.selenium.api.base.SeleniumBase.takeSnap(SeleniumBase.java:854)
at com.framework.utils.Reporter.reportStep(Reporter.java:80)
at com.framework.utils.Reporter.reportStep(Reporter.java:107)
at com.framework.selenium.api.base.SeleniumBase.takeSnap(SeleniumBase.java:854)
at com.framework.utils.Reporter.reportStep(Reporter.java:80)
at com.framework.utils.Reporter.reportStep(Reporter.java:107)
at com.framework.selenium.api.base.SeleniumBase.takeSnap(SeleniumBase.java:854)
at com.framework.utils.Reporter.reportStep(Reporter.java:80)
at com.framework.utils.Reporter.reportStep(Reporter.java:107)
at com.framework.selenium.api.base.SeleniumBase.takeSnap(SeleniumBase.java:854)
at com.framework.utils.Reporter.reportStep(Reporter.java:80)
at com.framework.utils.Reporter.reportStep(Reporter.java:107)
at com.framework.selenium.api.base.SeleniumBase.takeSnap(SeleniumBase.java:854)
at com.framework.utils.Reporter.reportStep(Reporter.java:80)
at com.framework.utils.Reporter.reportStep(Reporter.java:107)
at com.framework.selenium.api.base.SeleniumBase.takeSnap(SeleniumBase.java:854)
at com.framework.utils.Reporter.reportStep(Reporter.java:80)
at com.framework.utils.Reporter.reportStep(Reporter.java:107)
at com.framework.selenium.api.base.SeleniumBase.takeSnap(SeleniumBase.java:854)
at com.framework.utils.Reporter.reportStep(Reporter.java:80)
at com.framework.utils.Reporter.reportStep(Reporter.java:107)
at com.framework.selenium.api.base.SeleniumBase.takeSnap(SeleniumBase.java:854)
at com.framework.utils.Reporter.reportStep(Reporter.java:80)
at com.framework.utils.Reporter.reportStep(Reporter.java:107)
at com.framework.selenium.api.base.SeleniumBase.takeSnap(SeleniumBase.java:854)
at com.framework.utils.Reporter.reportStep(Reporter.java:80)
at com.framework.utils.Reporter.reportStep(Reporter.java:107)
at com.framework.selenium.api.base.SeleniumBase.takeSnap(SeleniumBase.java:854)
at com.framework.utils.Reporter.reportStep(Reporter.java:80)
at com.framework.utils.Reporter.reportStep(Reporter.java:107)
at com.framework.selenium.api.base.SeleniumBase.takeSnap(SeleniumBase.java:854)
at com.framework.utils.Reporter.reportStep(Reporter.java:80)
at com.framework.utils.Reporter.reportStep(Reporter.java:107)
at com.framework.selenium.api.base.SeleniumBase.takeSnap(SeleniumBase.java:854)
at com.framework.utils.Reporter.reportStep(Reporter.java:80)
at com.framework.utils.Reporter.reportStep(Reporter.java:107)
at com.framework.selenium.api.base.SeleniumBase.takeSnap(SeleniumBase.java:854)
at com.framework.utils.Reporter.reportStep(Reporter.java:80)
at com.framework.utils.Reporter.reportStep(Reporter.java:107)
at com.framework.selenium.api.base.SeleniumBase.takeSnap(SeleniumBase.java:854)
at com.framework.utils.Reporter.reportStep(Reporter.java:80)
at com.framework.utils.Reporter.reportStep(Reporter.java:107)
at com.framework.selenium.api.base.SeleniumBase.takeSnap(SeleniumBase.java:854)
at com.framework.utils.Reporter.reportStep(Reporter.java:80)
at com.framework.utils.Reporter.reportStep(Reporter.java:107)
at com.framework.selenium.api.base.SeleniumBase.takeSnap(SeleniumBase.java:854)
at com.framework.utils.Reporter.reportStep(Reporter.java:80)
at com.framework.utils.Reporter.reportStep(Reporter.java:107)
at com.framework.selenium.api.base.SeleniumBase.takeSnap(SeleniumBase.java:854)
at com.framework.utils.Reporter.reportStep(Reporter.java:80)
at com.framework.utils.Reporter.reportStep(Reporter.java:107)
at com.framework.selenium.api.base.SeleniumBase.takeSnap(SeleniumBase.java:854)
at com.framework.utils.Reporter.reportStep(Reporter.java:80)
at com.framework.utils.Reporter.reportStep(Reporter.java:107)
at com.framework.selenium.api.base.SeleniumBase.takeSnap(SeleniumBase.java:854)
at com.framework.utils.Reporter.reportStep(Reporter.java:80)
at com.framework.utils.Reporter.reportStep(Reporter.java:107)
at com.framework.selenium.api.base.SeleniumBase.takeSnap(SeleniumBase.java:854)
at com.framework.utils.Reporter.reportStep(Reporter.java:80)
at com.framework.utils.Reporter.reportStep(Reporter.java:107)
at com.framework.selenium.api.base.SeleniumBase.takeSnap(SeleniumBase.java:854)
at com.framework.utils.Reporter.reportStep(Reporter.java:80)
at com.framework.utils.Reporter.reportStep(Reporter.java:107)
at com.framework.selenium.api.base.SeleniumBase.takeSnap(SeleniumBase.java:854)
at com.framework.utils.Reporter.reportStep(Reporter.java:80)
at com.framework.utils.Reporter.reportStep(Reporter.java:107)
at com.framework.selenium.api.base.SeleniumBase.takeSnap(SeleniumBase.java:854)
at com.framework.utils.Reporter.reportStep(Reporter.java:80)
at com.framework.utils.Reporter.reportStep(Reporter.java:107)
at com.framework.selenium.api.base.SeleniumBase.takeSnap(SeleniumBase.java:854)
at com.framework.utils.Reporter.reportStep(Reporter.java:80)
at com.framework.utils.Reporter.reportStep(Reporter.java:107)
at com.framework.selenium.api.base.SeleniumBase.takeSnap(SeleniumBase.java:854)
at com.framework.utils.Reporter.reportStep(Reporter.java:80)
at com.framework.utils.Reporter.reportStep(Reporter.java:107)
at com.framework.selenium.api.base.SeleniumBase.takeSnap(SeleniumBase.java:854)
at com.framework.utils.Reporter.reportStep(Reporter.java:80)
at com.framework.utils.Reporter.reportStep(Reporter.java:107)
at com.framework.selenium.api.base.SeleniumBase.takeSnap(SeleniumBase.java:854)
at com.framework.utils.Reporter.reportStep(Reporter.java:80)
at com.framework.utils.Reporter.reportStep(Reporter.java:107)
at com.framework.selenium.api.base.SeleniumBase.takeSnap(SeleniumBase.java:854)
at com.framework.utils.Reporter.reportStep(Reporter.java:80)
at com.framework.utils.Reporter.reportStep(Reporter.java:107)
at com.framework.selenium.api.base.SeleniumBase.takeSnap(SeleniumBase.java:854)
at com.framework.utils.Reporter.reportStep(Reporter.java:80)
at com.framework.utils.Reporter.reportStep(Reporter.java:107)
at com.framework.selenium.api.base.SeleniumBase.takeSnap(SeleniumBase.java:854)
at com.framework.utils.Reporter.reportStep(Reporter.java:80)
at com.framework.utils.Reporter.reportStep(Reporter.java:107)
at com.framework.selenium.api.base.SeleniumBase.takeSnap(SeleniumBase.java:854)
at com.framework.utils.Reporter.reportStep(Reporter.java:80)
at com.framework.utils.Reporter.reportStep(Reporter.java:107)
at com.framework.selenium.api.base.SeleniumBase.takeSnap(SeleniumBase.java:854)
at com.framework.utils.Reporter.reportStep(Reporter.java:80)
at com.framework.utils.Reporter.reportStep(Reporter.java:107)
at com.framework.selenium.api.base.SeleniumBase.takeSnap(SeleniumBase.java:854)
at com.framework.utils.Reporter.reportStep(Reporter.java:80)
at com.framework.utils.Reporter.reportStep(Reporter.java:107)
]]>
    </failure>
  </testcase> <!-- @BeforeMethod preCondition -->
  <testcase classname="com.framework.testng.api.base.BaseMethods" name="@AfterMethod postCondition" time="-1.684736930172E9">
    <skipped/>
  </testcase> <!-- @AfterMethod postCondition -->
  <testcase classname="com.opencart.testcases.TC001_ConfirmOrder" name="runCart" time="0.0">
    <skipped/>
  </testcase> <!-- runCart -->
</testsuite> <!-- Default test -->
